2024-04-22 01:06:54,990 - mmcls - INFO - Environment info:
------------------------------------------------------------
sys.platform: linux
Python: 3.7.16 (default, Jan 17 2023, 22:20:44) [GCC 11.2.0]
CUDA available: True
GPU 0: NVIDIA GeForce RTX 2080 Ti
CUDA_HOME: /usr/local/cuda
NVCC: Cuda compilation tools, release 11.8, V11.8.89
GCC: gcc (Ubuntu 11.4.0-1ubuntu1~22.04) 11.4.0
PyTorch: 1.7.1
PyTorch compiling details: PyTorch built with:
  - GCC 7.3
  - C++ Version: 201402
  - Intel(R) oneAPI Math Kernel Library Version 2021.4-Product Build 20210904 for Intel(R) 64 architecture applications
  - Intel(R) MKL-DNN v1.6.0 (Git Hash 5ef631a030a6f73131c77892041042805a06064f)
  - OpenMP 201511 (a.k.a. OpenMP 4.5)
  - NNPACK is enabled
  - CPU capability usage: AVX2
  - CUDA Runtime 10.1
  - NVCC architecture flags: -gencode;arch=compute_37,code=sm_37;-gencode;arch=compute_50,code=sm_50;-gencode;arch=compute_60,code=sm_60;-gencode;arch=compute_61,code=sm_61;-gencode;arch=compute_70,code=sm_70;-gencode;arch=compute_75,code=sm_75;-gencode;arch=compute_37,code=compute_37
  - CuDNN 7.6.3
  - Magma 2.5.2
  - Build settings: BLAS=MKL, BUILD_TYPE=Release, CXX_FLAGS= -Wno-deprecated -fvisibility-inlines-hidden -DUSE_PTHREADPOOL -fopenmp -DNDEBUG -DUSE_FBGEMM -DUSE_QNNPACK -DUSE_PYTORCH_QNNPACK -DUSE_XNNPACK -DUSE_VULKAN_WRAPPER -O2 -fPIC -Wno-narrowing -Wall -Wextra -Werror=return-type -Wno-missing-field-initializers -Wno-type-limits -Wno-array-bounds -Wno-unknown-pragmas -Wno-sign-compare -Wno-unused-parameter -Wno-unused-variable -Wno-unused-function -Wno-unused-result -Wno-unused-local-typedefs -Wno-strict-overflow -Wno-strict-aliasing -Wno-error=deprecated-declarations -Wno-stringop-overflow -Wno-psabi -Wno-error=pedantic -Wno-error=redundant-decls -Wno-error=old-style-cast -fdiagnostics-color=always -faligned-new -Wno-unused-but-set-variable -Wno-maybe-uninitialized -fno-math-errno -fno-trapping-math -Werror=format -Wno-stringop-overflow, PERF_WITH_AVX=1, PERF_WITH_AVX2=1, PERF_WITH_AVX512=1, USE_CUDA=ON, USE_EXCEPTION_PTR=1, USE_GFLAGS=OFF, USE_GLOG=OFF, USE_MKL=ON, USE_MKLDNN=ON, USE_MPI=OFF, USE_NCCL=ON, USE_NNPACK=ON, USE_OPENMP=ON, 

TorchVision: 0.8.2
OpenCV: 4.9.0
MMCV: 1.5.0
MMCV Compiler: GCC 11.4
MMCV CUDA Compiler: 11.8
MMClassification: 0.15.0+321350b
------------------------------------------------------------

2024-04-22 01:06:54,992 - mmcls - INFO - Distributed training: False
2024-04-22 01:06:55,182 - mmcls - INFO - Config:
model = dict(
    type='ImageClassifier',
    backbone=dict(type='VGG', depth=13, num_classes=17),
    neck=None,
    head=dict(
        type='ClsHead',
        loss=dict(type='CrossEntropyLoss', loss_weight=1.0),
        topk=(1, 5)))
dataset_type = 'Flowers'
img_norm_cfg = dict(
    mean=[123.675, 116.28, 103.53], std=[58.395, 57.12, 57.375], to_rgb=True)
train_pipeline = [
    dict(type='LoadImageFromFile'),
    dict(type='RandomResizedCrop', size=224),
    dict(type='RandomFlip', flip_prob=0.5, direction='horizontal'),
    dict(
        type='Normalize',
        mean=[123.675, 116.28, 103.53],
        std=[58.395, 57.12, 57.375],
        to_rgb=True),
    dict(type='ImageToTensor', keys=['img']),
    dict(type='ToTensor', keys=['gt_label']),
    dict(type='Collect', keys=['img', 'gt_label'])
]
test_pipeline = [
    dict(type='LoadImageFromFile'),
    dict(type='Resize', size=(256, -1)),
    dict(type='CenterCrop', crop_size=224),
    dict(
        type='Normalize',
        mean=[123.675, 116.28, 103.53],
        std=[58.395, 57.12, 57.375],
        to_rgb=True),
    dict(type='ImageToTensor', keys=['img']),
    dict(type='Collect', keys=['img'])
]
data = dict(
    samples_per_gpu=32,
    workers_per_gpu=1,
    train=dict(
        type='Flowers',
        data_prefix='data/flowers/train',
        ann_file='data/flowers/meta/train.txt',
        pipeline=[
            dict(type='LoadImageFromFile'),
            dict(type='RandomResizedCrop', size=224),
            dict(type='RandomFlip', flip_prob=0.5, direction='horizontal'),
            dict(
                type='Normalize',
                mean=[123.675, 116.28, 103.53],
                std=[58.395, 57.12, 57.375],
                to_rgb=True),
            dict(type='ImageToTensor', keys=['img']),
            dict(type='ToTensor', keys=['gt_label']),
            dict(type='Collect', keys=['img', 'gt_label'])
        ]),
    val=dict(
        type='Flowers',
        data_prefix='data/flowers/val',
        ann_file='data/flowers/meta/val.txt',
        pipeline=[
            dict(type='LoadImageFromFile'),
            dict(type='Resize', size=(256, -1)),
            dict(type='CenterCrop', crop_size=224),
            dict(
                type='Normalize',
                mean=[123.675, 116.28, 103.53],
                std=[58.395, 57.12, 57.375],
                to_rgb=True),
            dict(type='ImageToTensor', keys=['img']),
            dict(type='Collect', keys=['img'])
        ]),
    test=dict(
        type='Flowers',
        data_prefix='data/flowers/val',
        ann_file='data/flowers/meta/val.txt',
        pipeline=[
            dict(type='LoadImageFromFile'),
            dict(type='Resize', size=(256, -1)),
            dict(type='CenterCrop', crop_size=224),
            dict(
                type='Normalize',
                mean=[123.675, 116.28, 103.53],
                std=[58.395, 57.12, 57.375],
                to_rgb=True),
            dict(type='ImageToTensor', keys=['img']),
            dict(type='Collect', keys=['img'])
        ]))
evaluation = dict(interval=1, metric='accuracy')
optimizer = dict(type='SGD', lr=0.01, momentum=0.7, weight_decay=0.0001)
optimizer_config = dict(grad_clip=None)
lr_config = dict(policy='step', step=[10, 25])
runner = dict(type='EpochBasedRunner', max_epochs=50)
checkpoint_config = dict(interval=50)
log_config = dict(interval=100, hooks=[dict(type='TextLoggerHook')])
dist_params = dict(backend='nccl')
log_level = 'INFO'
load_from = None
resume_from = None
workflow = [('train', 1)]
default_scope = 'mmpretrain'
work_dir = 'output/vgg13_4'
gpu_ids = range(0, 1)

2024-04-22 01:06:56,532 - mmcls - INFO - initialize VGG with init_cfg [{'type': 'Kaiming', 'layer': ['Conv2d']}, {'type': 'Constant', 'val': 1.0, 'layer': ['_BatchNorm']}, {'type': 'Normal', 'std': 0.01, 'layer': ['Linear']}]
Name of parameter - Initialization information

backbone.features.0.conv.weight - torch.Size([64, 3, 3, 3]): 
KaimingInit: a=0, mode=fan_out, nonlinearity=relu, distribution =normal, bias=0 

backbone.features.0.conv.bias - torch.Size([64]): 
The value is the same before and after calling `init_weights` of ImageClassifier  

backbone.features.1.conv.weight - torch.Size([64, 64, 3, 3]): 
KaimingInit: a=0, mode=fan_out, nonlinearity=relu, distribution =normal, bias=0 

backbone.features.1.conv.bias - torch.Size([64]): 
The value is the same before and after calling `init_weights` of ImageClassifier  

backbone.features.3.conv.weight - torch.Size([128, 64, 3, 3]): 
KaimingInit: a=0, mode=fan_out, nonlinearity=relu, distribution =normal, bias=0 

backbone.features.3.conv.bias - torch.Size([128]): 
The value is the same before and after calling `init_weights` of ImageClassifier  

backbone.features.4.conv.weight - torch.Size([128, 128, 3, 3]): 
KaimingInit: a=0, mode=fan_out, nonlinearity=relu, distribution =normal, bias=0 

backbone.features.4.conv.bias - torch.Size([128]): 
The value is the same before and after calling `init_weights` of ImageClassifier  

backbone.features.6.conv.weight - torch.Size([256, 128, 3, 3]): 
KaimingInit: a=0, mode=fan_out, nonlinearity=relu, distribution =normal, bias=0 

backbone.features.6.conv.bias - torch.Size([256]): 
The value is the same before and after calling `init_weights` of ImageClassifier  

backbone.features.7.conv.weight - torch.Size([256, 256, 3, 3]): 
KaimingInit: a=0, mode=fan_out, nonlinearity=relu, distribution =normal, bias=0 

backbone.features.7.conv.bias - torch.Size([256]): 
The value is the same before and after calling `init_weights` of ImageClassifier  

backbone.features.9.conv.weight - torch.Size([512, 256, 3, 3]): 
KaimingInit: a=0, mode=fan_out, nonlinearity=relu, distribution =normal, bias=0 

backbone.features.9.conv.bias - torch.Size([512]): 
The value is the same before and after calling `init_weights` of ImageClassifier  

backbone.features.10.conv.weight - torch.Size([512, 512, 3, 3]): 
KaimingInit: a=0, mode=fan_out, nonlinearity=relu, distribution =normal, bias=0 

backbone.features.10.conv.bias - torch.Size([512]): 
The value is the same before and after calling `init_weights` of ImageClassifier  

backbone.features.12.conv.weight - torch.Size([512, 512, 3, 3]): 
KaimingInit: a=0, mode=fan_out, nonlinearity=relu, distribution =normal, bias=0 

backbone.features.12.conv.bias - torch.Size([512]): 
The value is the same before and after calling `init_weights` of ImageClassifier  

backbone.features.13.conv.weight - torch.Size([512, 512, 3, 3]): 
KaimingInit: a=0, mode=fan_out, nonlinearity=relu, distribution =normal, bias=0 

backbone.features.13.conv.bias - torch.Size([512]): 
The value is the same before and after calling `init_weights` of ImageClassifier  

backbone.classifier.0.weight - torch.Size([4096, 25088]): 
NormalInit: mean=0, std=0.01, bias=0 

backbone.classifier.0.bias - torch.Size([4096]): 
NormalInit: mean=0, std=0.01, bias=0 

backbone.classifier.3.weight - torch.Size([4096, 4096]): 
NormalInit: mean=0, std=0.01, bias=0 

backbone.classifier.3.bias - torch.Size([4096]): 
NormalInit: mean=0, std=0.01, bias=0 

backbone.classifier.6.weight - torch.Size([17, 4096]): 
NormalInit: mean=0, std=0.01, bias=0 

backbone.classifier.6.bias - torch.Size([17]): 
NormalInit: mean=0, std=0.01, bias=0 
2024-04-22 01:07:01,250 - mmcls - INFO - Start running, host: u3583070@gpu2-comp-108, work_dir: /userhome/cs2/u3583070/CNN-Flower-Classification/output/vgg13_4
2024-04-22 01:07:01,251 - mmcls - INFO - Hooks will be executed in the following order:
before_run:
(VERY_HIGH   ) StepLrUpdaterHook                  
(NORMAL      ) CheckpointHook                     
(NORMAL      ) EvalHook                           
(VERY_LOW    ) TextLoggerHook                     
 -------------------- 
before_train_epoch:
(VERY_HIGH   ) StepLrUpdaterHook                  
(NORMAL      ) EvalHook                           
(LOW         ) IterTimerHook                      
(VERY_LOW    ) TextLoggerHook                     
 -------------------- 
before_train_iter:
(VERY_HIGH   ) StepLrUpdaterHook                  
(NORMAL      ) EvalHook                           
(LOW         ) IterTimerHook                      
 -------------------- 
after_train_iter:
(ABOVE_NORMAL) OptimizerHook                      
(NORMAL      ) CheckpointHook                     
(NORMAL      ) EvalHook                           
(LOW         ) IterTimerHook                      
(VERY_LOW    ) TextLoggerHook                     
 -------------------- 
after_train_epoch:
(NORMAL      ) CheckpointHook                     
(NORMAL      ) EvalHook                           
(VERY_LOW    ) TextLoggerHook                     
 -------------------- 
before_val_epoch:
(LOW         ) IterTimerHook                      
(VERY_LOW    ) TextLoggerHook                     
 -------------------- 
before_val_iter:
(LOW         ) IterTimerHook                      
 -------------------- 
after_val_iter:
(LOW         ) IterTimerHook                      
 -------------------- 
after_val_epoch:
(VERY_LOW    ) TextLoggerHook                     
 -------------------- 
after_run:
(VERY_LOW    ) TextLoggerHook                     
 -------------------- 
2024-04-22 01:07:01,251 - mmcls - INFO - workflow: [('train', 1)], max: 50 epochs
2024-04-22 01:07:01,251 - mmcls - INFO - Checkpoints will be saved to /userhome/cs2/u3583070/CNN-Flower-Classification/output/vgg13_4 by HardDiskBackend.
2024-04-22 01:07:13,357 - mmcls - INFO - Epoch(val) [1][6]	accuracy_top-1: 12.3529, accuracy_top-5: 55.2941
2024-04-22 01:07:25,234 - mmcls - INFO - Epoch(val) [2][6]	accuracy_top-1: 11.1765, accuracy_top-5: 60.0000
2024-04-22 01:07:36,949 - mmcls - INFO - Epoch(val) [3][6]	accuracy_top-1: 15.8824, accuracy_top-5: 63.5294
2024-04-22 01:07:49,863 - mmcls - INFO - Epoch(val) [4][6]	accuracy_top-1: 27.0588, accuracy_top-5: 73.5294
2024-04-22 01:08:02,412 - mmcls - INFO - Epoch(val) [5][6]	accuracy_top-1: 28.8235, accuracy_top-5: 87.6471
2024-04-22 01:08:14,357 - mmcls - INFO - Epoch(val) [6][6]	accuracy_top-1: 40.0000, accuracy_top-5: 91.1765
2024-04-22 01:08:26,121 - mmcls - INFO - Epoch(val) [7][6]	accuracy_top-1: 40.5882, accuracy_top-5: 91.7647
2024-04-22 01:08:38,262 - mmcls - INFO - Epoch(val) [8][6]	accuracy_top-1: 43.5294, accuracy_top-5: 91.7647
2024-04-22 01:08:50,431 - mmcls - INFO - Epoch(val) [9][6]	accuracy_top-1: 47.0588, accuracy_top-5: 95.8824
2024-04-22 01:09:02,054 - mmcls - INFO - Epoch(val) [10][6]	accuracy_top-1: 50.0000, accuracy_top-5: 95.2941
2024-04-22 01:09:14,472 - mmcls - INFO - Epoch(val) [11][6]	accuracy_top-1: 52.9412, accuracy_top-5: 94.7059
2024-04-22 01:09:26,558 - mmcls - INFO - Epoch(val) [12][6]	accuracy_top-1: 51.1765, accuracy_top-5: 95.8824
2024-04-22 01:09:38,450 - mmcls - INFO - Epoch(val) [13][6]	accuracy_top-1: 54.1176, accuracy_top-5: 95.8824
2024-04-22 01:09:50,425 - mmcls - INFO - Epoch(val) [14][6]	accuracy_top-1: 53.5294, accuracy_top-5: 95.8824
2024-04-22 01:10:02,367 - mmcls - INFO - Epoch(val) [15][6]	accuracy_top-1: 50.0000, accuracy_top-5: 96.4706
2024-04-22 01:10:14,263 - mmcls - INFO - Epoch(val) [16][6]	accuracy_top-1: 51.1765, accuracy_top-5: 95.2941
2024-04-22 01:10:26,376 - mmcls - INFO - Epoch(val) [17][6]	accuracy_top-1: 55.8824, accuracy_top-5: 95.8824
2024-04-22 01:10:39,345 - mmcls - INFO - Epoch(val) [18][6]	accuracy_top-1: 54.7059, accuracy_top-5: 95.2941
2024-04-22 01:10:51,437 - mmcls - INFO - Epoch(val) [19][6]	accuracy_top-1: 54.1176, accuracy_top-5: 96.4706
2024-04-22 01:11:03,473 - mmcls - INFO - Epoch(val) [20][6]	accuracy_top-1: 54.1176, accuracy_top-5: 95.8824
2024-04-22 01:11:15,450 - mmcls - INFO - Epoch(val) [21][6]	accuracy_top-1: 60.0000, accuracy_top-5: 94.7059
2024-04-22 01:11:27,503 - mmcls - INFO - Epoch(val) [22][6]	accuracy_top-1: 58.2353, accuracy_top-5: 94.1176
2024-04-22 01:11:39,570 - mmcls - INFO - Epoch(val) [23][6]	accuracy_top-1: 57.6471, accuracy_top-5: 95.8824
2024-04-22 01:11:51,589 - mmcls - INFO - Epoch(val) [24][6]	accuracy_top-1: 57.6471, accuracy_top-5: 95.2941
2024-04-22 01:12:04,473 - mmcls - INFO - Epoch(val) [25][6]	accuracy_top-1: 54.7059, accuracy_top-5: 96.4706
2024-04-22 01:12:16,771 - mmcls - INFO - Epoch(val) [26][6]	accuracy_top-1: 58.2353, accuracy_top-5: 95.8824
2024-04-22 01:12:29,580 - mmcls - INFO - Epoch(val) [27][6]	accuracy_top-1: 56.4706, accuracy_top-5: 94.7059
2024-04-22 01:12:42,209 - mmcls - INFO - Epoch(val) [28][6]	accuracy_top-1: 59.4118, accuracy_top-5: 95.2941
2024-04-22 01:12:54,211 - mmcls - INFO - Epoch(val) [29][6]	accuracy_top-1: 58.2353, accuracy_top-5: 95.2941
2024-04-22 01:13:06,287 - mmcls - INFO - Epoch(val) [30][6]	accuracy_top-1: 57.0588, accuracy_top-5: 95.2941
2024-04-22 01:13:18,136 - mmcls - INFO - Epoch(val) [31][6]	accuracy_top-1: 58.8235, accuracy_top-5: 95.8824
2024-04-22 01:13:29,634 - mmcls - INFO - Epoch(val) [32][6]	accuracy_top-1: 59.4118, accuracy_top-5: 95.2941
2024-04-22 01:13:41,332 - mmcls - INFO - Epoch(val) [33][6]	accuracy_top-1: 58.8235, accuracy_top-5: 95.8824
2024-04-22 01:13:53,461 - mmcls - INFO - Epoch(val) [34][6]	accuracy_top-1: 58.8235, accuracy_top-5: 95.8824
2024-04-22 01:14:05,306 - mmcls - INFO - Epoch(val) [35][6]	accuracy_top-1: 58.2353, accuracy_top-5: 96.4706
2024-04-22 01:14:17,256 - mmcls - INFO - Epoch(val) [36][6]	accuracy_top-1: 58.2353, accuracy_top-5: 96.4706
2024-04-22 01:14:29,462 - mmcls - INFO - Epoch(val) [37][6]	accuracy_top-1: 58.8235, accuracy_top-5: 96.4706
2024-04-22 01:14:41,752 - mmcls - INFO - Epoch(val) [38][6]	accuracy_top-1: 58.2353, accuracy_top-5: 96.4706
2024-04-22 01:14:54,292 - mmcls - INFO - Epoch(val) [39][6]	accuracy_top-1: 57.6471, accuracy_top-5: 95.8824
2024-04-22 01:15:06,707 - mmcls - INFO - Epoch(val) [40][6]	accuracy_top-1: 58.8235, accuracy_top-5: 95.2941
2024-04-22 01:15:18,947 - mmcls - INFO - Epoch(val) [41][6]	accuracy_top-1: 59.4118, accuracy_top-5: 96.4706
2024-04-22 01:15:30,734 - mmcls - INFO - Epoch(val) [42][6]	accuracy_top-1: 58.2353, accuracy_top-5: 95.8824
2024-04-22 01:15:42,838 - mmcls - INFO - Epoch(val) [43][6]	accuracy_top-1: 58.2353, accuracy_top-5: 95.8824
2024-04-22 01:15:55,656 - mmcls - INFO - Epoch(val) [44][6]	accuracy_top-1: 58.8235, accuracy_top-5: 96.4706
2024-04-22 01:16:07,536 - mmcls - INFO - Epoch(val) [45][6]	accuracy_top-1: 56.4706, accuracy_top-5: 95.8824
2024-04-22 01:16:19,905 - mmcls - INFO - Epoch(val) [46][6]	accuracy_top-1: 58.2353, accuracy_top-5: 95.8824
2024-04-22 01:16:32,193 - mmcls - INFO - Epoch(val) [47][6]	accuracy_top-1: 57.6471, accuracy_top-5: 95.2941
2024-04-22 01:16:44,921 - mmcls - INFO - Epoch(val) [48][6]	accuracy_top-1: 57.0588, accuracy_top-5: 95.8824
2024-04-22 01:16:57,441 - mmcls - INFO - Epoch(val) [49][6]	accuracy_top-1: 58.8235, accuracy_top-5: 95.8824
2024-04-22 01:17:08,118 - mmcls - INFO - Saving checkpoint at 50 epochs
2024-04-22 01:17:16,157 - mmcls - INFO - Epoch(val) [50][6]	accuracy_top-1: 57.6471, accuracy_top-5: 95.8824
