2024-04-01 15:11:00,241 - mmcls - INFO - Environment info:
------------------------------------------------------------
sys.platform: linux
Python: 3.7.16 (default, Jan 17 2023, 22:20:44) [GCC 11.2.0]
CUDA available: True
GPU 0: NVIDIA GeForce RTX 2080 Ti
CUDA_HOME: /usr/local/cuda
NVCC: Cuda compilation tools, release 11.8, V11.8.89
GCC: gcc (Ubuntu 11.4.0-1ubuntu1~22.04) 11.4.0
PyTorch: 1.7.1
PyTorch compiling details: PyTorch built with:
  - GCC 7.3
  - C++ Version: 201402
  - Intel(R) oneAPI Math Kernel Library Version 2021.4-Product Build 20210904 for Intel(R) 64 architecture applications
  - Intel(R) MKL-DNN v1.6.0 (Git Hash 5ef631a030a6f73131c77892041042805a06064f)
  - OpenMP 201511 (a.k.a. OpenMP 4.5)
  - NNPACK is enabled
  - CPU capability usage: AVX2
  - CUDA Runtime 10.1
  - NVCC architecture flags: -gencode;arch=compute_37,code=sm_37;-gencode;arch=compute_50,code=sm_50;-gencode;arch=compute_60,code=sm_60;-gencode;arch=compute_61,code=sm_61;-gencode;arch=compute_70,code=sm_70;-gencode;arch=compute_75,code=sm_75;-gencode;arch=compute_37,code=compute_37
  - CuDNN 7.6.3
  - Magma 2.5.2
  - Build settings: BLAS=MKL, BUILD_TYPE=Release, CXX_FLAGS= -Wno-deprecated -fvisibility-inlines-hidden -DUSE_PTHREADPOOL -fopenmp -DNDEBUG -DUSE_FBGEMM -DUSE_QNNPACK -DUSE_PYTORCH_QNNPACK -DUSE_XNNPACK -DUSE_VULKAN_WRAPPER -O2 -fPIC -Wno-narrowing -Wall -Wextra -Werror=return-type -Wno-missing-field-initializers -Wno-type-limits -Wno-array-bounds -Wno-unknown-pragmas -Wno-sign-compare -Wno-unused-parameter -Wno-unused-variable -Wno-unused-function -Wno-unused-result -Wno-unused-local-typedefs -Wno-strict-overflow -Wno-strict-aliasing -Wno-error=deprecated-declarations -Wno-stringop-overflow -Wno-psabi -Wno-error=pedantic -Wno-error=redundant-decls -Wno-error=old-style-cast -fdiagnostics-color=always -faligned-new -Wno-unused-but-set-variable -Wno-maybe-uninitialized -fno-math-errno -fno-trapping-math -Werror=format -Wno-stringop-overflow, PERF_WITH_AVX=1, PERF_WITH_AVX2=1, PERF_WITH_AVX512=1, USE_CUDA=ON, USE_EXCEPTION_PTR=1, USE_GFLAGS=OFF, USE_GLOG=OFF, USE_MKL=ON, USE_MKLDNN=ON, USE_MPI=OFF, USE_NCCL=ON, USE_NNPACK=ON, USE_OPENMP=ON, 

TorchVision: 0.8.2
OpenCV: 4.9.0
MMCV: 1.5.0
MMCV Compiler: GCC 11.4
MMCV CUDA Compiler: 11.8
MMClassification: 0.15.0+617932d
------------------------------------------------------------

2024-04-01 15:11:00,242 - mmcls - INFO - Distributed training: False
2024-04-01 15:11:00,446 - mmcls - INFO - Config:
model = dict(
    type='ImageClassifier',
    backbone=dict(type='VGG', depth=13, num_classes=17),
    neck=None,
    head=dict(
        type='ClsHead',
        loss=dict(type='CrossEntropyLoss', loss_weight=1.0),
        topk=(1, 5)))
dataset_type = 'Flowers'
img_norm_cfg = dict(
    mean=[123.675, 116.28, 103.53], std=[58.395, 57.12, 57.375], to_rgb=True)
train_pipeline = [
    dict(type='LoadImageFromFile'),
    dict(type='RandomResizedCrop', size=224),
    dict(type='RandomFlip', flip_prob=0.5, direction='horizontal'),
    dict(
        type='Normalize',
        mean=[123.675, 116.28, 103.53],
        std=[58.395, 57.12, 57.375],
        to_rgb=True),
    dict(type='ImageToTensor', keys=['img']),
    dict(type='ToTensor', keys=['gt_label']),
    dict(type='Collect', keys=['img', 'gt_label'])
]
test_pipeline = [
    dict(type='LoadImageFromFile'),
    dict(type='Resize', size=(256, -1)),
    dict(type='CenterCrop', crop_size=224),
    dict(
        type='Normalize',
        mean=[123.675, 116.28, 103.53],
        std=[58.395, 57.12, 57.375],
        to_rgb=True),
    dict(type='ImageToTensor', keys=['img']),
    dict(type='Collect', keys=['img'])
]
data = dict(
    samples_per_gpu=32,
    workers_per_gpu=1,
    train=dict(
        type='Flowers',
        data_prefix='data/flowers/train',
        ann_file='data/flowers/meta/train.txt',
        pipeline=[
            dict(type='LoadImageFromFile'),
            dict(type='RandomResizedCrop', size=224),
            dict(type='RandomFlip', flip_prob=0.5, direction='horizontal'),
            dict(
                type='Normalize',
                mean=[123.675, 116.28, 103.53],
                std=[58.395, 57.12, 57.375],
                to_rgb=True),
            dict(type='ImageToTensor', keys=['img']),
            dict(type='ToTensor', keys=['gt_label']),
            dict(type='Collect', keys=['img', 'gt_label'])
        ]),
    val=dict(
        type='Flowers',
        data_prefix='data/flowers/val',
        ann_file='data/flowers/meta/val.txt',
        pipeline=[
            dict(type='LoadImageFromFile'),
            dict(type='Resize', size=(256, -1)),
            dict(type='CenterCrop', crop_size=224),
            dict(
                type='Normalize',
                mean=[123.675, 116.28, 103.53],
                std=[58.395, 57.12, 57.375],
                to_rgb=True),
            dict(type='ImageToTensor', keys=['img']),
            dict(type='Collect', keys=['img'])
        ]),
    test=dict(
        type='Flowers',
        data_prefix='data/flowers/val',
        ann_file='data/flowers/meta/val.txt',
        pipeline=[
            dict(type='LoadImageFromFile'),
            dict(type='Resize', size=(256, -1)),
            dict(type='CenterCrop', crop_size=224),
            dict(
                type='Normalize',
                mean=[123.675, 116.28, 103.53],
                std=[58.395, 57.12, 57.375],
                to_rgb=True),
            dict(type='ImageToTensor', keys=['img']),
            dict(type='Collect', keys=['img'])
        ]))
evaluation = dict(interval=1, metric='accuracy')
optimizer = dict(type='SGD', lr=0.01, momentum=0.9, weight_decay=0.0001)
optimizer_config = dict(grad_clip=None)
lr_config = dict(policy='step', step=[100, 150])
runner = dict(type='EpochBasedRunner', max_epochs=50)
checkpoint_config = dict(interval=1)
log_config = dict(interval=100, hooks=[dict(type='TextLoggerHook')])
dist_params = dict(backend='nccl')
log_level = 'INFO'
load_from = None
resume_from = None
workflow = [('train', 1)]
work_dir = 'output/vgg13_flowers'
gpu_ids = range(0, 1)

2024-04-01 15:11:02,390 - mmcls - INFO - initialize VGG with init_cfg [{'type': 'Kaiming', 'layer': ['Conv2d']}, {'type': 'Constant', 'val': 1.0, 'layer': ['_BatchNorm']}, {'type': 'Normal', 'std': 0.01, 'layer': ['Linear']}]
Name of parameter - Initialization information

backbone.features.0.conv.weight - torch.Size([64, 3, 3, 3]): 
KaimingInit: a=0, mode=fan_out, nonlinearity=relu, distribution =normal, bias=0 

backbone.features.0.conv.bias - torch.Size([64]): 
The value is the same before and after calling `init_weights` of ImageClassifier  

backbone.features.1.conv.weight - torch.Size([64, 64, 3, 3]): 
KaimingInit: a=0, mode=fan_out, nonlinearity=relu, distribution =normal, bias=0 

backbone.features.1.conv.bias - torch.Size([64]): 
The value is the same before and after calling `init_weights` of ImageClassifier  

backbone.features.3.conv.weight - torch.Size([128, 64, 3, 3]): 
KaimingInit: a=0, mode=fan_out, nonlinearity=relu, distribution =normal, bias=0 

backbone.features.3.conv.bias - torch.Size([128]): 
The value is the same before and after calling `init_weights` of ImageClassifier  

backbone.features.4.conv.weight - torch.Size([128, 128, 3, 3]): 
KaimingInit: a=0, mode=fan_out, nonlinearity=relu, distribution =normal, bias=0 

backbone.features.4.conv.bias - torch.Size([128]): 
The value is the same before and after calling `init_weights` of ImageClassifier  

backbone.features.6.conv.weight - torch.Size([256, 128, 3, 3]): 
KaimingInit: a=0, mode=fan_out, nonlinearity=relu, distribution =normal, bias=0 

backbone.features.6.conv.bias - torch.Size([256]): 
The value is the same before and after calling `init_weights` of ImageClassifier  

backbone.features.7.conv.weight - torch.Size([256, 256, 3, 3]): 
KaimingInit: a=0, mode=fan_out, nonlinearity=relu, distribution =normal, bias=0 

backbone.features.7.conv.bias - torch.Size([256]): 
The value is the same before and after calling `init_weights` of ImageClassifier  

backbone.features.9.conv.weight - torch.Size([512, 256, 3, 3]): 
KaimingInit: a=0, mode=fan_out, nonlinearity=relu, distribution =normal, bias=0 

backbone.features.9.conv.bias - torch.Size([512]): 
The value is the same before and after calling `init_weights` of ImageClassifier  

backbone.features.10.conv.weight - torch.Size([512, 512, 3, 3]): 
KaimingInit: a=0, mode=fan_out, nonlinearity=relu, distribution =normal, bias=0 

backbone.features.10.conv.bias - torch.Size([512]): 
The value is the same before and after calling `init_weights` of ImageClassifier  

backbone.features.12.conv.weight - torch.Size([512, 512, 3, 3]): 
KaimingInit: a=0, mode=fan_out, nonlinearity=relu, distribution =normal, bias=0 

backbone.features.12.conv.bias - torch.Size([512]): 
The value is the same before and after calling `init_weights` of ImageClassifier  

backbone.features.13.conv.weight - torch.Size([512, 512, 3, 3]): 
KaimingInit: a=0, mode=fan_out, nonlinearity=relu, distribution =normal, bias=0 

backbone.features.13.conv.bias - torch.Size([512]): 
The value is the same before and after calling `init_weights` of ImageClassifier  

backbone.classifier.0.weight - torch.Size([4096, 25088]): 
NormalInit: mean=0, std=0.01, bias=0 

backbone.classifier.0.bias - torch.Size([4096]): 
NormalInit: mean=0, std=0.01, bias=0 

backbone.classifier.3.weight - torch.Size([4096, 4096]): 
NormalInit: mean=0, std=0.01, bias=0 

backbone.classifier.3.bias - torch.Size([4096]): 
NormalInit: mean=0, std=0.01, bias=0 

backbone.classifier.6.weight - torch.Size([17, 4096]): 
NormalInit: mean=0, std=0.01, bias=0 

backbone.classifier.6.bias - torch.Size([17]): 
NormalInit: mean=0, std=0.01, bias=0 
2024-04-01 15:11:29,131 - mmcls - INFO - Start running, host: divtej17@gpu2-comp-204, work_dir: /userhome/cs2/divtej17/Tutorial1/CNN_Image_Classification_Code/output/vgg13_flowers
2024-04-01 15:11:29,132 - mmcls - INFO - Hooks will be executed in the following order:
before_run:
(VERY_HIGH   ) StepLrUpdaterHook                  
(NORMAL      ) CheckpointHook                     
(NORMAL      ) EvalHook                           
(VERY_LOW    ) TextLoggerHook                     
 -------------------- 
before_train_epoch:
(VERY_HIGH   ) StepLrUpdaterHook                  
(NORMAL      ) EvalHook                           
(LOW         ) IterTimerHook                      
(VERY_LOW    ) TextLoggerHook                     
 -------------------- 
before_train_iter:
(VERY_HIGH   ) StepLrUpdaterHook                  
(NORMAL      ) EvalHook                           
(LOW         ) IterTimerHook                      
 -------------------- 
after_train_iter:
(ABOVE_NORMAL) OptimizerHook                      
(NORMAL      ) CheckpointHook                     
(NORMAL      ) EvalHook                           
(LOW         ) IterTimerHook                      
(VERY_LOW    ) TextLoggerHook                     
 -------------------- 
after_train_epoch:
(NORMAL      ) CheckpointHook                     
(NORMAL      ) EvalHook                           
(VERY_LOW    ) TextLoggerHook                     
 -------------------- 
before_val_epoch:
(LOW         ) IterTimerHook                      
(VERY_LOW    ) TextLoggerHook                     
 -------------------- 
before_val_iter:
(LOW         ) IterTimerHook                      
 -------------------- 
after_val_iter:
(LOW         ) IterTimerHook                      
 -------------------- 
after_val_epoch:
(VERY_LOW    ) TextLoggerHook                     
 -------------------- 
after_run:
(VERY_LOW    ) TextLoggerHook                     
 -------------------- 
2024-04-01 15:11:29,132 - mmcls - INFO - workflow: [('train', 1)], max: 50 epochs
2024-04-01 15:11:29,132 - mmcls - INFO - Checkpoints will be saved to /userhome/cs2/divtej17/Tutorial1/CNN_Image_Classification_Code/output/vgg13_flowers by HardDiskBackend.
2024-04-01 15:12:30,617 - mmcls - INFO - Saving checkpoint at 1 epochs
2024-04-01 15:12:47,880 - mmcls - INFO - Epoch(val) [1][6]	accuracy_top-1: 7.6471, accuracy_top-5: 45.2941
2024-04-01 15:12:58,898 - mmcls - INFO - Saving checkpoint at 2 epochs
2024-04-01 15:13:07,046 - mmcls - INFO - Epoch(val) [2][6]	accuracy_top-1: 15.8824, accuracy_top-5: 58.2353
2024-04-01 15:13:16,984 - mmcls - INFO - Saving checkpoint at 3 epochs
2024-04-01 15:13:24,941 - mmcls - INFO - Epoch(val) [3][6]	accuracy_top-1: 15.8824, accuracy_top-5: 54.7059
2024-04-01 15:13:34,667 - mmcls - INFO - Saving checkpoint at 4 epochs
2024-04-01 15:13:42,735 - mmcls - INFO - Epoch(val) [4][6]	accuracy_top-1: 12.9412, accuracy_top-5: 60.5882
2024-04-01 15:13:52,401 - mmcls - INFO - Saving checkpoint at 5 epochs
2024-04-01 15:14:00,912 - mmcls - INFO - Epoch(val) [5][6]	accuracy_top-1: 28.8235, accuracy_top-5: 68.2353
2024-04-01 15:14:10,868 - mmcls - INFO - Saving checkpoint at 6 epochs
2024-04-01 15:14:19,102 - mmcls - INFO - Epoch(val) [6][6]	accuracy_top-1: 27.6471, accuracy_top-5: 78.8235
2024-04-01 15:14:28,686 - mmcls - INFO - Saving checkpoint at 7 epochs
2024-04-01 15:14:37,885 - mmcls - INFO - Epoch(val) [7][6]	accuracy_top-1: 28.8235, accuracy_top-5: 74.1176
2024-04-01 15:14:47,697 - mmcls - INFO - Saving checkpoint at 8 epochs
2024-04-01 15:14:56,091 - mmcls - INFO - Epoch(val) [8][6]	accuracy_top-1: 28.2353, accuracy_top-5: 74.7059
2024-04-01 15:15:05,855 - mmcls - INFO - Saving checkpoint at 9 epochs
2024-04-01 15:15:14,096 - mmcls - INFO - Epoch(val) [9][6]	accuracy_top-1: 25.8824, accuracy_top-5: 77.6471
2024-04-01 15:15:24,601 - mmcls - INFO - Saving checkpoint at 10 epochs
2024-04-01 15:15:32,815 - mmcls - INFO - Epoch(val) [10][6]	accuracy_top-1: 32.3529, accuracy_top-5: 81.1765
2024-04-01 15:15:42,573 - mmcls - INFO - Saving checkpoint at 11 epochs
2024-04-01 15:15:51,269 - mmcls - INFO - Epoch(val) [11][6]	accuracy_top-1: 32.9412, accuracy_top-5: 80.5882
2024-04-01 15:16:00,843 - mmcls - INFO - Saving checkpoint at 12 epochs
2024-04-01 15:16:09,537 - mmcls - INFO - Epoch(val) [12][6]	accuracy_top-1: 31.1765, accuracy_top-5: 84.7059
2024-04-01 15:16:19,796 - mmcls - INFO - Saving checkpoint at 13 epochs
2024-04-01 15:16:27,680 - mmcls - INFO - Epoch(val) [13][6]	accuracy_top-1: 36.4706, accuracy_top-5: 87.0588
2024-04-01 15:16:37,332 - mmcls - INFO - Saving checkpoint at 14 epochs
2024-04-01 15:16:45,075 - mmcls - INFO - Epoch(val) [14][6]	accuracy_top-1: 29.4118, accuracy_top-5: 87.0588
2024-04-01 15:16:54,845 - mmcls - INFO - Saving checkpoint at 15 epochs
2024-04-01 15:17:02,936 - mmcls - INFO - Epoch(val) [15][6]	accuracy_top-1: 39.4118, accuracy_top-5: 91.1765
2024-04-01 15:17:12,948 - mmcls - INFO - Saving checkpoint at 16 epochs
2024-04-01 15:17:21,328 - mmcls - INFO - Epoch(val) [16][6]	accuracy_top-1: 40.5882, accuracy_top-5: 84.7059
2024-04-01 15:17:31,193 - mmcls - INFO - Saving checkpoint at 17 epochs
2024-04-01 15:17:40,123 - mmcls - INFO - Epoch(val) [17][6]	accuracy_top-1: 32.9412, accuracy_top-5: 82.3529
2024-04-01 15:17:49,472 - mmcls - INFO - Saving checkpoint at 18 epochs
2024-04-01 15:17:57,338 - mmcls - INFO - Epoch(val) [18][6]	accuracy_top-1: 33.5294, accuracy_top-5: 84.7059
2024-04-01 15:18:06,962 - mmcls - INFO - Saving checkpoint at 19 epochs
2024-04-01 15:18:15,096 - mmcls - INFO - Epoch(val) [19][6]	accuracy_top-1: 40.5882, accuracy_top-5: 89.4118
2024-04-01 15:18:24,771 - mmcls - INFO - Saving checkpoint at 20 epochs
2024-04-01 15:18:32,945 - mmcls - INFO - Epoch(val) [20][6]	accuracy_top-1: 41.1765, accuracy_top-5: 87.6471
2024-04-01 15:18:42,751 - mmcls - INFO - Saving checkpoint at 21 epochs
2024-04-01 15:18:51,002 - mmcls - INFO - Epoch(val) [21][6]	accuracy_top-1: 49.4118, accuracy_top-5: 92.3529
2024-04-01 15:19:00,539 - mmcls - INFO - Saving checkpoint at 22 epochs
2024-04-01 15:19:08,549 - mmcls - INFO - Epoch(val) [22][6]	accuracy_top-1: 51.7647, accuracy_top-5: 92.3529
2024-04-01 15:19:18,009 - mmcls - INFO - Saving checkpoint at 23 epochs
2024-04-01 15:19:25,951 - mmcls - INFO - Epoch(val) [23][6]	accuracy_top-1: 43.5294, accuracy_top-5: 90.5882
2024-04-01 15:19:36,696 - mmcls - INFO - Saving checkpoint at 24 epochs
2024-04-01 15:19:44,961 - mmcls - INFO - Epoch(val) [24][6]	accuracy_top-1: 50.5882, accuracy_top-5: 88.8235
2024-04-01 15:19:54,563 - mmcls - INFO - Saving checkpoint at 25 epochs
2024-04-01 15:20:02,741 - mmcls - INFO - Epoch(val) [25][6]	accuracy_top-1: 51.7647, accuracy_top-5: 92.9412
2024-04-01 15:20:12,413 - mmcls - INFO - Saving checkpoint at 26 epochs
2024-04-01 15:20:20,232 - mmcls - INFO - Epoch(val) [26][6]	accuracy_top-1: 55.8824, accuracy_top-5: 94.1176
2024-04-01 15:20:30,378 - mmcls - INFO - Saving checkpoint at 27 epochs
2024-04-01 15:20:38,395 - mmcls - INFO - Epoch(val) [27][6]	accuracy_top-1: 45.2941, accuracy_top-5: 90.0000
2024-04-01 15:20:48,222 - mmcls - INFO - Saving checkpoint at 28 epochs
2024-04-01 15:20:56,523 - mmcls - INFO - Epoch(val) [28][6]	accuracy_top-1: 51.7647, accuracy_top-5: 94.1176
2024-04-01 15:21:06,520 - mmcls - INFO - Saving checkpoint at 29 epochs
2024-04-01 15:21:15,123 - mmcls - INFO - Epoch(val) [29][6]	accuracy_top-1: 50.5882, accuracy_top-5: 92.3529
2024-04-01 15:21:25,123 - mmcls - INFO - Saving checkpoint at 30 epochs
2024-04-01 15:21:33,827 - mmcls - INFO - Epoch(val) [30][6]	accuracy_top-1: 51.1765, accuracy_top-5: 92.3529
2024-04-01 15:21:43,691 - mmcls - INFO - Saving checkpoint at 31 epochs
2024-04-01 15:21:51,683 - mmcls - INFO - Epoch(val) [31][6]	accuracy_top-1: 49.4118, accuracy_top-5: 92.3529
2024-04-01 15:22:01,558 - mmcls - INFO - Saving checkpoint at 32 epochs
2024-04-01 15:22:09,799 - mmcls - INFO - Epoch(val) [32][6]	accuracy_top-1: 57.0588, accuracy_top-5: 92.3529
2024-04-01 15:22:19,317 - mmcls - INFO - Saving checkpoint at 33 epochs
2024-04-01 15:22:27,457 - mmcls - INFO - Epoch(val) [33][6]	accuracy_top-1: 54.7059, accuracy_top-5: 92.3529
2024-04-01 15:22:37,228 - mmcls - INFO - Saving checkpoint at 34 epochs
2024-04-01 15:22:45,736 - mmcls - INFO - Epoch(val) [34][6]	accuracy_top-1: 58.2353, accuracy_top-5: 95.8824
2024-04-01 15:22:55,451 - mmcls - INFO - Saving checkpoint at 35 epochs
2024-04-01 15:23:03,363 - mmcls - INFO - Epoch(val) [35][6]	accuracy_top-1: 54.1176, accuracy_top-5: 92.3529
2024-04-01 15:23:13,160 - mmcls - INFO - Saving checkpoint at 36 epochs
2024-04-01 15:23:21,135 - mmcls - INFO - Epoch(val) [36][6]	accuracy_top-1: 55.8824, accuracy_top-5: 92.9412
2024-04-01 15:23:31,337 - mmcls - INFO - Saving checkpoint at 37 epochs
2024-04-01 15:23:39,875 - mmcls - INFO - Epoch(val) [37][6]	accuracy_top-1: 52.9412, accuracy_top-5: 88.8235
2024-04-01 15:23:49,486 - mmcls - INFO - Saving checkpoint at 38 epochs
2024-04-01 15:23:57,459 - mmcls - INFO - Epoch(val) [38][6]	accuracy_top-1: 56.4706, accuracy_top-5: 92.9412
2024-04-01 15:24:07,555 - mmcls - INFO - Saving checkpoint at 39 epochs
2024-04-01 15:24:15,760 - mmcls - INFO - Epoch(val) [39][6]	accuracy_top-1: 60.0000, accuracy_top-5: 92.3529
2024-04-01 15:24:25,629 - mmcls - INFO - Saving checkpoint at 40 epochs
2024-04-01 15:24:33,908 - mmcls - INFO - Epoch(val) [40][6]	accuracy_top-1: 60.0000, accuracy_top-5: 92.3529
2024-04-01 15:24:43,946 - mmcls - INFO - Saving checkpoint at 41 epochs
2024-04-01 15:24:52,339 - mmcls - INFO - Epoch(val) [41][6]	accuracy_top-1: 61.1765, accuracy_top-5: 97.6471
2024-04-01 15:25:01,848 - mmcls - INFO - Saving checkpoint at 42 epochs
2024-04-01 15:25:10,630 - mmcls - INFO - Epoch(val) [42][6]	accuracy_top-1: 62.3529, accuracy_top-5: 95.2941
2024-04-01 15:25:20,495 - mmcls - INFO - Saving checkpoint at 43 epochs
2024-04-01 15:25:29,093 - mmcls - INFO - Epoch(val) [43][6]	accuracy_top-1: 67.6471, accuracy_top-5: 97.0588
2024-04-01 15:25:38,524 - mmcls - INFO - Saving checkpoint at 44 epochs
2024-04-01 15:25:47,145 - mmcls - INFO - Epoch(val) [44][6]	accuracy_top-1: 62.3529, accuracy_top-5: 97.0588
2024-04-01 15:25:56,899 - mmcls - INFO - Saving checkpoint at 45 epochs
2024-04-01 15:26:05,199 - mmcls - INFO - Epoch(val) [45][6]	accuracy_top-1: 68.8235, accuracy_top-5: 97.0588
2024-04-01 15:26:14,891 - mmcls - INFO - Saving checkpoint at 46 epochs
2024-04-01 15:26:23,231 - mmcls - INFO - Epoch(val) [46][6]	accuracy_top-1: 70.5882, accuracy_top-5: 97.0588
2024-04-01 15:26:32,948 - mmcls - INFO - Saving checkpoint at 47 epochs
2024-04-01 15:26:41,379 - mmcls - INFO - Epoch(val) [47][6]	accuracy_top-1: 69.4118, accuracy_top-5: 95.2941
2024-04-01 15:26:50,957 - mmcls - INFO - Saving checkpoint at 48 epochs
2024-04-01 15:26:59,425 - mmcls - INFO - Epoch(val) [48][6]	accuracy_top-1: 69.4118, accuracy_top-5: 96.4706
2024-04-01 15:27:09,223 - mmcls - INFO - Saving checkpoint at 49 epochs
2024-04-01 15:27:17,515 - mmcls - INFO - Epoch(val) [49][6]	accuracy_top-1: 65.8824, accuracy_top-5: 98.2353
2024-04-01 15:27:27,974 - mmcls - INFO - Saving checkpoint at 50 epochs
2024-04-01 15:27:36,367 - mmcls - INFO - Epoch(val) [50][6]	accuracy_top-1: 68.2353, accuracy_top-5: 95.8824
