2024-04-01 17:49:10,054 - mmcls - INFO - Environment info:
------------------------------------------------------------
sys.platform: linux
Python: 3.7.16 (default, Jan 17 2023, 22:20:44) [GCC 11.2.0]
CUDA available: True
GPU 0: NVIDIA GeForce RTX 2080 Ti
CUDA_HOME: /usr/local/cuda
NVCC: Cuda compilation tools, release 11.8, V11.8.89
GCC: gcc (Ubuntu 11.4.0-1ubuntu1~22.04) 11.4.0
PyTorch: 1.7.1
PyTorch compiling details: PyTorch built with:
  - GCC 7.3
  - C++ Version: 201402
  - Intel(R) oneAPI Math Kernel Library Version 2021.4-Product Build 20210904 for Intel(R) 64 architecture applications
  - Intel(R) MKL-DNN v1.6.0 (Git Hash 5ef631a030a6f73131c77892041042805a06064f)
  - OpenMP 201511 (a.k.a. OpenMP 4.5)
  - NNPACK is enabled
  - CPU capability usage: AVX2
  - CUDA Runtime 10.1
  - NVCC architecture flags: -gencode;arch=compute_37,code=sm_37;-gencode;arch=compute_50,code=sm_50;-gencode;arch=compute_60,code=sm_60;-gencode;arch=compute_61,code=sm_61;-gencode;arch=compute_70,code=sm_70;-gencode;arch=compute_75,code=sm_75;-gencode;arch=compute_37,code=compute_37
  - CuDNN 7.6.3
  - Magma 2.5.2
  - Build settings: BLAS=MKL, BUILD_TYPE=Release, CXX_FLAGS= -Wno-deprecated -fvisibility-inlines-hidden -DUSE_PTHREADPOOL -fopenmp -DNDEBUG -DUSE_FBGEMM -DUSE_QNNPACK -DUSE_PYTORCH_QNNPACK -DUSE_XNNPACK -DUSE_VULKAN_WRAPPER -O2 -fPIC -Wno-narrowing -Wall -Wextra -Werror=return-type -Wno-missing-field-initializers -Wno-type-limits -Wno-array-bounds -Wno-unknown-pragmas -Wno-sign-compare -Wno-unused-parameter -Wno-unused-variable -Wno-unused-function -Wno-unused-result -Wno-unused-local-typedefs -Wno-strict-overflow -Wno-strict-aliasing -Wno-error=deprecated-declarations -Wno-stringop-overflow -Wno-psabi -Wno-error=pedantic -Wno-error=redundant-decls -Wno-error=old-style-cast -fdiagnostics-color=always -faligned-new -Wno-unused-but-set-variable -Wno-maybe-uninitialized -fno-math-errno -fno-trapping-math -Werror=format -Wno-stringop-overflow, PERF_WITH_AVX=1, PERF_WITH_AVX2=1, PERF_WITH_AVX512=1, USE_CUDA=ON, USE_EXCEPTION_PTR=1, USE_GFLAGS=OFF, USE_GLOG=OFF, USE_MKL=ON, USE_MKLDNN=ON, USE_MPI=OFF, USE_NCCL=ON, USE_NNPACK=ON, USE_OPENMP=ON, 

TorchVision: 0.8.2
OpenCV: 4.9.0
MMCV: 1.5.0
MMCV Compiler: GCC 11.4
MMCV CUDA Compiler: 11.8
MMClassification: 0.15.0+617932d
------------------------------------------------------------

2024-04-01 17:49:10,055 - mmcls - INFO - Distributed training: False
2024-04-01 17:49:10,232 - mmcls - INFO - Config:
model = dict(
    type='ImageClassifier',
    backbone=dict(type='RegNet', arch='regnetx_400mf'),
    neck=dict(type='GlobalAveragePooling'),
    head=dict(
        type='LinearClsHead',
        num_classes=17,
        in_channels=384,
        loss=dict(type='CrossEntropyLoss', loss_weight=1.0),
        topk=(1, 5)))
dataset_type = 'Flowers'
img_norm_cfg = dict(
    mean=[123.675, 116.28, 103.53], std=[58.395, 57.12, 57.375], to_rgb=True)
train_pipeline = [
    dict(type='LoadImageFromFile'),
    dict(type='RandomResizedCrop', size=224),
    dict(type='RandomFlip', flip_prob=0.5, direction='horizontal'),
    dict(
        type='Normalize',
        mean=[123.675, 116.28, 103.53],
        std=[58.395, 57.12, 57.375],
        to_rgb=True),
    dict(type='ImageToTensor', keys=['img']),
    dict(type='ToTensor', keys=['gt_label']),
    dict(type='Collect', keys=['img', 'gt_label'])
]
test_pipeline = [
    dict(type='LoadImageFromFile'),
    dict(type='Resize', size=(256, -1)),
    dict(type='CenterCrop', crop_size=224),
    dict(
        type='Normalize',
        mean=[123.675, 116.28, 103.53],
        std=[58.395, 57.12, 57.375],
        to_rgb=True),
    dict(type='ImageToTensor', keys=['img']),
    dict(type='Collect', keys=['img'])
]
data = dict(
    samples_per_gpu=32,
    workers_per_gpu=1,
    train=dict(
        type='Flowers',
        data_prefix='data/flowers/train',
        ann_file='data/flowers/meta/train.txt',
        pipeline=[
            dict(type='LoadImageFromFile'),
            dict(type='RandomResizedCrop', size=224),
            dict(type='RandomFlip', flip_prob=0.5, direction='horizontal'),
            dict(
                type='Normalize',
                mean=[123.675, 116.28, 103.53],
                std=[58.395, 57.12, 57.375],
                to_rgb=True),
            dict(type='ImageToTensor', keys=['img']),
            dict(type='ToTensor', keys=['gt_label']),
            dict(type='Collect', keys=['img', 'gt_label'])
        ]),
    val=dict(
        type='Flowers',
        data_prefix='data/flowers/val',
        ann_file='data/flowers/meta/val.txt',
        pipeline=[
            dict(type='LoadImageFromFile'),
            dict(type='Resize', size=(256, -1)),
            dict(type='CenterCrop', crop_size=224),
            dict(
                type='Normalize',
                mean=[123.675, 116.28, 103.53],
                std=[58.395, 57.12, 57.375],
                to_rgb=True),
            dict(type='ImageToTensor', keys=['img']),
            dict(type='Collect', keys=['img'])
        ]),
    test=dict(
        type='Flowers',
        data_prefix='data/flowers/val',
        ann_file='data/flowers/meta/val.txt',
        pipeline=[
            dict(type='LoadImageFromFile'),
            dict(type='Resize', size=(256, -1)),
            dict(type='CenterCrop', crop_size=224),
            dict(
                type='Normalize',
                mean=[123.675, 116.28, 103.53],
                std=[58.395, 57.12, 57.375],
                to_rgb=True),
            dict(type='ImageToTensor', keys=['img']),
            dict(type='Collect', keys=['img'])
        ]))
evaluation = dict(interval=1, metric='accuracy')
optimizer = dict(type='SGD', lr=0.1, momentum=0.9, weight_decay=0.0001)
optimizer_config = dict(grad_clip=None)
lr_config = dict(policy='step', step=[100, 150])
runner = dict(type='EpochBasedRunner', max_epochs=50)
checkpoint_config = dict(interval=1)
log_config = dict(interval=100, hooks=[dict(type='TextLoggerHook')])
dist_params = dict(backend='nccl')
log_level = 'INFO'
load_from = None
resume_from = None
workflow = [('train', 1)]
work_dir = 'output/regnetx_400mf_b32x8_imagenet_flowers'
gpu_ids = range(0, 1)

2024-04-01 17:49:10,548 - mmcls - INFO - initialize LinearClsHead with init_cfg {'type': 'Normal', 'layer': 'Linear', 'std': 0.01}
Name of parameter - Initialization information

backbone.conv1.weight - torch.Size([32, 3, 3, 3]): 
The value is the same before and after calling `init_weights` of ImageClassifier  

backbone.bn1.weight - torch.Size([32]): 
The value is the same before and after calling `init_weights` of ImageClassifier  

backbone.bn1.bias - torch.Size([32]): 
The value is the same before and after calling `init_weights` of ImageClassifier  

backbone.layer1.0.conv1.weight - torch.Size([32, 32, 1, 1]): 
The value is the same before and after calling `init_weights` of ImageClassifier  

backbone.layer1.0.bn1.weight - torch.Size([32]): 
The value is the same before and after calling `init_weights` of ImageClassifier  

backbone.layer1.0.bn1.bias - torch.Size([32]): 
The value is the same before and after calling `init_weights` of ImageClassifier  

backbone.layer1.0.conv2.weight - torch.Size([32, 16, 3, 3]): 
The value is the same before and after calling `init_weights` of ImageClassifier  

backbone.layer1.0.bn2.weight - torch.Size([32]): 
The value is the same before and after calling `init_weights` of ImageClassifier  

backbone.layer1.0.bn2.bias - torch.Size([32]): 
The value is the same before and after calling `init_weights` of ImageClassifier  

backbone.layer1.0.conv3.weight - torch.Size([32, 32, 1, 1]): 
The value is the same before and after calling `init_weights` of ImageClassifier  

backbone.layer1.0.bn3.weight - torch.Size([32]): 
Initialized by user-defined `init_weights` in RegNet  

backbone.layer1.0.bn3.bias - torch.Size([32]): 
The value is the same before and after calling `init_weights` of ImageClassifier  

backbone.layer1.0.downsample.0.weight - torch.Size([32, 32, 1, 1]): 
The value is the same before and after calling `init_weights` of ImageClassifier  

backbone.layer1.0.downsample.1.weight - torch.Size([32]): 
The value is the same before and after calling `init_weights` of ImageClassifier  

backbone.layer1.0.downsample.1.bias - torch.Size([32]): 
The value is the same before and after calling `init_weights` of ImageClassifier  

backbone.layer2.0.conv1.weight - torch.Size([64, 32, 1, 1]): 
The value is the same before and after calling `init_weights` of ImageClassifier  

backbone.layer2.0.bn1.weight - torch.Size([64]): 
The value is the same before and after calling `init_weights` of ImageClassifier  

backbone.layer2.0.bn1.bias - torch.Size([64]): 
The value is the same before and after calling `init_weights` of ImageClassifier  

backbone.layer2.0.conv2.weight - torch.Size([64, 16, 3, 3]): 
The value is the same before and after calling `init_weights` of ImageClassifier  

backbone.layer2.0.bn2.weight - torch.Size([64]): 
The value is the same before and after calling `init_weights` of ImageClassifier  

backbone.layer2.0.bn2.bias - torch.Size([64]): 
The value is the same before and after calling `init_weights` of ImageClassifier  

backbone.layer2.0.conv3.weight - torch.Size([64, 64, 1, 1]): 
The value is the same before and after calling `init_weights` of ImageClassifier  

backbone.layer2.0.bn3.weight - torch.Size([64]): 
Initialized by user-defined `init_weights` in RegNet  

backbone.layer2.0.bn3.bias - torch.Size([64]): 
The value is the same before and after calling `init_weights` of ImageClassifier  

backbone.layer2.0.downsample.0.weight - torch.Size([64, 32, 1, 1]): 
The value is the same before and after calling `init_weights` of ImageClassifier  

backbone.layer2.0.downsample.1.weight - torch.Size([64]): 
The value is the same before and after calling `init_weights` of ImageClassifier  

backbone.layer2.0.downsample.1.bias - torch.Size([64]): 
The value is the same before and after calling `init_weights` of ImageClassifier  

backbone.layer2.1.conv1.weight - torch.Size([64, 64, 1, 1]): 
The value is the same before and after calling `init_weights` of ImageClassifier  

backbone.layer2.1.bn1.weight - torch.Size([64]): 
The value is the same before and after calling `init_weights` of ImageClassifier  

backbone.layer2.1.bn1.bias - torch.Size([64]): 
The value is the same before and after calling `init_weights` of ImageClassifier  

backbone.layer2.1.conv2.weight - torch.Size([64, 16, 3, 3]): 
The value is the same before and after calling `init_weights` of ImageClassifier  

backbone.layer2.1.bn2.weight - torch.Size([64]): 
The value is the same before and after calling `init_weights` of ImageClassifier  

backbone.layer2.1.bn2.bias - torch.Size([64]): 
The value is the same before and after calling `init_weights` of ImageClassifier  

backbone.layer2.1.conv3.weight - torch.Size([64, 64, 1, 1]): 
The value is the same before and after calling `init_weights` of ImageClassifier  

backbone.layer2.1.bn3.weight - torch.Size([64]): 
Initialized by user-defined `init_weights` in RegNet  

backbone.layer2.1.bn3.bias - torch.Size([64]): 
The value is the same before and after calling `init_weights` of ImageClassifier  

backbone.layer3.0.conv1.weight - torch.Size([160, 64, 1, 1]): 
The value is the same before and after calling `init_weights` of ImageClassifier  

backbone.layer3.0.bn1.weight - torch.Size([160]): 
The value is the same before and after calling `init_weights` of ImageClassifier  

backbone.layer3.0.bn1.bias - torch.Size([160]): 
The value is the same before and after calling `init_weights` of ImageClassifier  

backbone.layer3.0.conv2.weight - torch.Size([160, 16, 3, 3]): 
The value is the same before and after calling `init_weights` of ImageClassifier  

backbone.layer3.0.bn2.weight - torch.Size([160]): 
The value is the same before and after calling `init_weights` of ImageClassifier  

backbone.layer3.0.bn2.bias - torch.Size([160]): 
The value is the same before and after calling `init_weights` of ImageClassifier  

backbone.layer3.0.conv3.weight - torch.Size([160, 160, 1, 1]): 
The value is the same before and after calling `init_weights` of ImageClassifier  

backbone.layer3.0.bn3.weight - torch.Size([160]): 
Initialized by user-defined `init_weights` in RegNet  

backbone.layer3.0.bn3.bias - torch.Size([160]): 
The value is the same before and after calling `init_weights` of ImageClassifier  

backbone.layer3.0.downsample.0.weight - torch.Size([160, 64, 1, 1]): 
The value is the same before and after calling `init_weights` of ImageClassifier  

backbone.layer3.0.downsample.1.weight - torch.Size([160]): 
The value is the same before and after calling `init_weights` of ImageClassifier  

backbone.layer3.0.downsample.1.bias - torch.Size([160]): 
The value is the same before and after calling `init_weights` of ImageClassifier  

backbone.layer3.1.conv1.weight - torch.Size([160, 160, 1, 1]): 
The value is the same before and after calling `init_weights` of ImageClassifier  

backbone.layer3.1.bn1.weight - torch.Size([160]): 
The value is the same before and after calling `init_weights` of ImageClassifier  

backbone.layer3.1.bn1.bias - torch.Size([160]): 
The value is the same before and after calling `init_weights` of ImageClassifier  

backbone.layer3.1.conv2.weight - torch.Size([160, 16, 3, 3]): 
The value is the same before and after calling `init_weights` of ImageClassifier  

backbone.layer3.1.bn2.weight - torch.Size([160]): 
The value is the same before and after calling `init_weights` of ImageClassifier  

backbone.layer3.1.bn2.bias - torch.Size([160]): 
The value is the same before and after calling `init_weights` of ImageClassifier  

backbone.layer3.1.conv3.weight - torch.Size([160, 160, 1, 1]): 
The value is the same before and after calling `init_weights` of ImageClassifier  

backbone.layer3.1.bn3.weight - torch.Size([160]): 
Initialized by user-defined `init_weights` in RegNet  

backbone.layer3.1.bn3.bias - torch.Size([160]): 
The value is the same before and after calling `init_weights` of ImageClassifier  

backbone.layer3.2.conv1.weight - torch.Size([160, 160, 1, 1]): 
The value is the same before and after calling `init_weights` of ImageClassifier  

backbone.layer3.2.bn1.weight - torch.Size([160]): 
The value is the same before and after calling `init_weights` of ImageClassifier  

backbone.layer3.2.bn1.bias - torch.Size([160]): 
The value is the same before and after calling `init_weights` of ImageClassifier  

backbone.layer3.2.conv2.weight - torch.Size([160, 16, 3, 3]): 
The value is the same before and after calling `init_weights` of ImageClassifier  

backbone.layer3.2.bn2.weight - torch.Size([160]): 
The value is the same before and after calling `init_weights` of ImageClassifier  

backbone.layer3.2.bn2.bias - torch.Size([160]): 
The value is the same before and after calling `init_weights` of ImageClassifier  

backbone.layer3.2.conv3.weight - torch.Size([160, 160, 1, 1]): 
The value is the same before and after calling `init_weights` of ImageClassifier  

backbone.layer3.2.bn3.weight - torch.Size([160]): 
Initialized by user-defined `init_weights` in RegNet  

backbone.layer3.2.bn3.bias - torch.Size([160]): 
The value is the same before and after calling `init_weights` of ImageClassifier  

backbone.layer3.3.conv1.weight - torch.Size([160, 160, 1, 1]): 
The value is the same before and after calling `init_weights` of ImageClassifier  

backbone.layer3.3.bn1.weight - torch.Size([160]): 
The value is the same before and after calling `init_weights` of ImageClassifier  

backbone.layer3.3.bn1.bias - torch.Size([160]): 
The value is the same before and after calling `init_weights` of ImageClassifier  

backbone.layer3.3.conv2.weight - torch.Size([160, 16, 3, 3]): 
The value is the same before and after calling `init_weights` of ImageClassifier  

backbone.layer3.3.bn2.weight - torch.Size([160]): 
The value is the same before and after calling `init_weights` of ImageClassifier  

backbone.layer3.3.bn2.bias - torch.Size([160]): 
The value is the same before and after calling `init_weights` of ImageClassifier  

backbone.layer3.3.conv3.weight - torch.Size([160, 160, 1, 1]): 
The value is the same before and after calling `init_weights` of ImageClassifier  

backbone.layer3.3.bn3.weight - torch.Size([160]): 
Initialized by user-defined `init_weights` in RegNet  

backbone.layer3.3.bn3.bias - torch.Size([160]): 
The value is the same before and after calling `init_weights` of ImageClassifier  

backbone.layer3.4.conv1.weight - torch.Size([160, 160, 1, 1]): 
The value is the same before and after calling `init_weights` of ImageClassifier  

backbone.layer3.4.bn1.weight - torch.Size([160]): 
The value is the same before and after calling `init_weights` of ImageClassifier  

backbone.layer3.4.bn1.bias - torch.Size([160]): 
The value is the same before and after calling `init_weights` of ImageClassifier  

backbone.layer3.4.conv2.weight - torch.Size([160, 16, 3, 3]): 
The value is the same before and after calling `init_weights` of ImageClassifier  

backbone.layer3.4.bn2.weight - torch.Size([160]): 
The value is the same before and after calling `init_weights` of ImageClassifier  

backbone.layer3.4.bn2.bias - torch.Size([160]): 
The value is the same before and after calling `init_weights` of ImageClassifier  

backbone.layer3.4.conv3.weight - torch.Size([160, 160, 1, 1]): 
The value is the same before and after calling `init_weights` of ImageClassifier  

backbone.layer3.4.bn3.weight - torch.Size([160]): 
Initialized by user-defined `init_weights` in RegNet  

backbone.layer3.4.bn3.bias - torch.Size([160]): 
The value is the same before and after calling `init_weights` of ImageClassifier  

backbone.layer3.5.conv1.weight - torch.Size([160, 160, 1, 1]): 
The value is the same before and after calling `init_weights` of ImageClassifier  

backbone.layer3.5.bn1.weight - torch.Size([160]): 
The value is the same before and after calling `init_weights` of ImageClassifier  

backbone.layer3.5.bn1.bias - torch.Size([160]): 
The value is the same before and after calling `init_weights` of ImageClassifier  

backbone.layer3.5.conv2.weight - torch.Size([160, 16, 3, 3]): 
The value is the same before and after calling `init_weights` of ImageClassifier  

backbone.layer3.5.bn2.weight - torch.Size([160]): 
The value is the same before and after calling `init_weights` of ImageClassifier  

backbone.layer3.5.bn2.bias - torch.Size([160]): 
The value is the same before and after calling `init_weights` of ImageClassifier  

backbone.layer3.5.conv3.weight - torch.Size([160, 160, 1, 1]): 
The value is the same before and after calling `init_weights` of ImageClassifier  

backbone.layer3.5.bn3.weight - torch.Size([160]): 
Initialized by user-defined `init_weights` in RegNet  

backbone.layer3.5.bn3.bias - torch.Size([160]): 
The value is the same before and after calling `init_weights` of ImageClassifier  

backbone.layer3.6.conv1.weight - torch.Size([160, 160, 1, 1]): 
The value is the same before and after calling `init_weights` of ImageClassifier  

backbone.layer3.6.bn1.weight - torch.Size([160]): 
The value is the same before and after calling `init_weights` of ImageClassifier  

backbone.layer3.6.bn1.bias - torch.Size([160]): 
The value is the same before and after calling `init_weights` of ImageClassifier  

backbone.layer3.6.conv2.weight - torch.Size([160, 16, 3, 3]): 
The value is the same before and after calling `init_weights` of ImageClassifier  

backbone.layer3.6.bn2.weight - torch.Size([160]): 
The value is the same before and after calling `init_weights` of ImageClassifier  

backbone.layer3.6.bn2.bias - torch.Size([160]): 
The value is the same before and after calling `init_weights` of ImageClassifier  

backbone.layer3.6.conv3.weight - torch.Size([160, 160, 1, 1]): 
The value is the same before and after calling `init_weights` of ImageClassifier  

backbone.layer3.6.bn3.weight - torch.Size([160]): 
Initialized by user-defined `init_weights` in RegNet  

backbone.layer3.6.bn3.bias - torch.Size([160]): 
The value is the same before and after calling `init_weights` of ImageClassifier  

backbone.layer4.0.conv1.weight - torch.Size([384, 160, 1, 1]): 
The value is the same before and after calling `init_weights` of ImageClassifier  

backbone.layer4.0.bn1.weight - torch.Size([384]): 
The value is the same before and after calling `init_weights` of ImageClassifier  

backbone.layer4.0.bn1.bias - torch.Size([384]): 
The value is the same before and after calling `init_weights` of ImageClassifier  

backbone.layer4.0.conv2.weight - torch.Size([384, 16, 3, 3]): 
The value is the same before and after calling `init_weights` of ImageClassifier  

backbone.layer4.0.bn2.weight - torch.Size([384]): 
The value is the same before and after calling `init_weights` of ImageClassifier  

backbone.layer4.0.bn2.bias - torch.Size([384]): 
The value is the same before and after calling `init_weights` of ImageClassifier  

backbone.layer4.0.conv3.weight - torch.Size([384, 384, 1, 1]): 
The value is the same before and after calling `init_weights` of ImageClassifier  

backbone.layer4.0.bn3.weight - torch.Size([384]): 
Initialized by user-defined `init_weights` in RegNet  

backbone.layer4.0.bn3.bias - torch.Size([384]): 
The value is the same before and after calling `init_weights` of ImageClassifier  

backbone.layer4.0.downsample.0.weight - torch.Size([384, 160, 1, 1]): 
The value is the same before and after calling `init_weights` of ImageClassifier  

backbone.layer4.0.downsample.1.weight - torch.Size([384]): 
The value is the same before and after calling `init_weights` of ImageClassifier  

backbone.layer4.0.downsample.1.bias - torch.Size([384]): 
The value is the same before and after calling `init_weights` of ImageClassifier  

backbone.layer4.1.conv1.weight - torch.Size([384, 384, 1, 1]): 
The value is the same before and after calling `init_weights` of ImageClassifier  

backbone.layer4.1.bn1.weight - torch.Size([384]): 
The value is the same before and after calling `init_weights` of ImageClassifier  

backbone.layer4.1.bn1.bias - torch.Size([384]): 
The value is the same before and after calling `init_weights` of ImageClassifier  

backbone.layer4.1.conv2.weight - torch.Size([384, 16, 3, 3]): 
The value is the same before and after calling `init_weights` of ImageClassifier  

backbone.layer4.1.bn2.weight - torch.Size([384]): 
The value is the same before and after calling `init_weights` of ImageClassifier  

backbone.layer4.1.bn2.bias - torch.Size([384]): 
The value is the same before and after calling `init_weights` of ImageClassifier  

backbone.layer4.1.conv3.weight - torch.Size([384, 384, 1, 1]): 
The value is the same before and after calling `init_weights` of ImageClassifier  

backbone.layer4.1.bn3.weight - torch.Size([384]): 
Initialized by user-defined `init_weights` in RegNet  

backbone.layer4.1.bn3.bias - torch.Size([384]): 
The value is the same before and after calling `init_weights` of ImageClassifier  

backbone.layer4.2.conv1.weight - torch.Size([384, 384, 1, 1]): 
The value is the same before and after calling `init_weights` of ImageClassifier  

backbone.layer4.2.bn1.weight - torch.Size([384]): 
The value is the same before and after calling `init_weights` of ImageClassifier  

backbone.layer4.2.bn1.bias - torch.Size([384]): 
The value is the same before and after calling `init_weights` of ImageClassifier  

backbone.layer4.2.conv2.weight - torch.Size([384, 16, 3, 3]): 
The value is the same before and after calling `init_weights` of ImageClassifier  

backbone.layer4.2.bn2.weight - torch.Size([384]): 
The value is the same before and after calling `init_weights` of ImageClassifier  

backbone.layer4.2.bn2.bias - torch.Size([384]): 
The value is the same before and after calling `init_weights` of ImageClassifier  

backbone.layer4.2.conv3.weight - torch.Size([384, 384, 1, 1]): 
The value is the same before and after calling `init_weights` of ImageClassifier  

backbone.layer4.2.bn3.weight - torch.Size([384]): 
Initialized by user-defined `init_weights` in RegNet  

backbone.layer4.2.bn3.bias - torch.Size([384]): 
The value is the same before and after calling `init_weights` of ImageClassifier  

backbone.layer4.3.conv1.weight - torch.Size([384, 384, 1, 1]): 
The value is the same before and after calling `init_weights` of ImageClassifier  

backbone.layer4.3.bn1.weight - torch.Size([384]): 
The value is the same before and after calling `init_weights` of ImageClassifier  

backbone.layer4.3.bn1.bias - torch.Size([384]): 
The value is the same before and after calling `init_weights` of ImageClassifier  

backbone.layer4.3.conv2.weight - torch.Size([384, 16, 3, 3]): 
The value is the same before and after calling `init_weights` of ImageClassifier  

backbone.layer4.3.bn2.weight - torch.Size([384]): 
The value is the same before and after calling `init_weights` of ImageClassifier  

backbone.layer4.3.bn2.bias - torch.Size([384]): 
The value is the same before and after calling `init_weights` of ImageClassifier  

backbone.layer4.3.conv3.weight - torch.Size([384, 384, 1, 1]): 
The value is the same before and after calling `init_weights` of ImageClassifier  

backbone.layer4.3.bn3.weight - torch.Size([384]): 
Initialized by user-defined `init_weights` in RegNet  

backbone.layer4.3.bn3.bias - torch.Size([384]): 
The value is the same before and after calling `init_weights` of ImageClassifier  

backbone.layer4.4.conv1.weight - torch.Size([384, 384, 1, 1]): 
The value is the same before and after calling `init_weights` of ImageClassifier  

backbone.layer4.4.bn1.weight - torch.Size([384]): 
The value is the same before and after calling `init_weights` of ImageClassifier  

backbone.layer4.4.bn1.bias - torch.Size([384]): 
The value is the same before and after calling `init_weights` of ImageClassifier  

backbone.layer4.4.conv2.weight - torch.Size([384, 16, 3, 3]): 
The value is the same before and after calling `init_weights` of ImageClassifier  

backbone.layer4.4.bn2.weight - torch.Size([384]): 
The value is the same before and after calling `init_weights` of ImageClassifier  

backbone.layer4.4.bn2.bias - torch.Size([384]): 
The value is the same before and after calling `init_weights` of ImageClassifier  

backbone.layer4.4.conv3.weight - torch.Size([384, 384, 1, 1]): 
The value is the same before and after calling `init_weights` of ImageClassifier  

backbone.layer4.4.bn3.weight - torch.Size([384]): 
Initialized by user-defined `init_weights` in RegNet  

backbone.layer4.4.bn3.bias - torch.Size([384]): 
The value is the same before and after calling `init_weights` of ImageClassifier  

backbone.layer4.5.conv1.weight - torch.Size([384, 384, 1, 1]): 
The value is the same before and after calling `init_weights` of ImageClassifier  

backbone.layer4.5.bn1.weight - torch.Size([384]): 
The value is the same before and after calling `init_weights` of ImageClassifier  

backbone.layer4.5.bn1.bias - torch.Size([384]): 
The value is the same before and after calling `init_weights` of ImageClassifier  

backbone.layer4.5.conv2.weight - torch.Size([384, 16, 3, 3]): 
The value is the same before and after calling `init_weights` of ImageClassifier  

backbone.layer4.5.bn2.weight - torch.Size([384]): 
The value is the same before and after calling `init_weights` of ImageClassifier  

backbone.layer4.5.bn2.bias - torch.Size([384]): 
The value is the same before and after calling `init_weights` of ImageClassifier  

backbone.layer4.5.conv3.weight - torch.Size([384, 384, 1, 1]): 
The value is the same before and after calling `init_weights` of ImageClassifier  

backbone.layer4.5.bn3.weight - torch.Size([384]): 
Initialized by user-defined `init_weights` in RegNet  

backbone.layer4.5.bn3.bias - torch.Size([384]): 
The value is the same before and after calling `init_weights` of ImageClassifier  

backbone.layer4.6.conv1.weight - torch.Size([384, 384, 1, 1]): 
The value is the same before and after calling `init_weights` of ImageClassifier  

backbone.layer4.6.bn1.weight - torch.Size([384]): 
The value is the same before and after calling `init_weights` of ImageClassifier  

backbone.layer4.6.bn1.bias - torch.Size([384]): 
The value is the same before and after calling `init_weights` of ImageClassifier  

backbone.layer4.6.conv2.weight - torch.Size([384, 16, 3, 3]): 
The value is the same before and after calling `init_weights` of ImageClassifier  

backbone.layer4.6.bn2.weight - torch.Size([384]): 
The value is the same before and after calling `init_weights` of ImageClassifier  

backbone.layer4.6.bn2.bias - torch.Size([384]): 
The value is the same before and after calling `init_weights` of ImageClassifier  

backbone.layer4.6.conv3.weight - torch.Size([384, 384, 1, 1]): 
The value is the same before and after calling `init_weights` of ImageClassifier  

backbone.layer4.6.bn3.weight - torch.Size([384]): 
Initialized by user-defined `init_weights` in RegNet  

backbone.layer4.6.bn3.bias - torch.Size([384]): 
The value is the same before and after calling `init_weights` of ImageClassifier  

backbone.layer4.7.conv1.weight - torch.Size([384, 384, 1, 1]): 
The value is the same before and after calling `init_weights` of ImageClassifier  

backbone.layer4.7.bn1.weight - torch.Size([384]): 
The value is the same before and after calling `init_weights` of ImageClassifier  

backbone.layer4.7.bn1.bias - torch.Size([384]): 
The value is the same before and after calling `init_weights` of ImageClassifier  

backbone.layer4.7.conv2.weight - torch.Size([384, 16, 3, 3]): 
The value is the same before and after calling `init_weights` of ImageClassifier  

backbone.layer4.7.bn2.weight - torch.Size([384]): 
The value is the same before and after calling `init_weights` of ImageClassifier  

backbone.layer4.7.bn2.bias - torch.Size([384]): 
The value is the same before and after calling `init_weights` of ImageClassifier  

backbone.layer4.7.conv3.weight - torch.Size([384, 384, 1, 1]): 
The value is the same before and after calling `init_weights` of ImageClassifier  

backbone.layer4.7.bn3.weight - torch.Size([384]): 
Initialized by user-defined `init_weights` in RegNet  

backbone.layer4.7.bn3.bias - torch.Size([384]): 
The value is the same before and after calling `init_weights` of ImageClassifier  

backbone.layer4.8.conv1.weight - torch.Size([384, 384, 1, 1]): 
The value is the same before and after calling `init_weights` of ImageClassifier  

backbone.layer4.8.bn1.weight - torch.Size([384]): 
The value is the same before and after calling `init_weights` of ImageClassifier  

backbone.layer4.8.bn1.bias - torch.Size([384]): 
The value is the same before and after calling `init_weights` of ImageClassifier  

backbone.layer4.8.conv2.weight - torch.Size([384, 16, 3, 3]): 
The value is the same before and after calling `init_weights` of ImageClassifier  

backbone.layer4.8.bn2.weight - torch.Size([384]): 
The value is the same before and after calling `init_weights` of ImageClassifier  

backbone.layer4.8.bn2.bias - torch.Size([384]): 
The value is the same before and after calling `init_weights` of ImageClassifier  

backbone.layer4.8.conv3.weight - torch.Size([384, 384, 1, 1]): 
The value is the same before and after calling `init_weights` of ImageClassifier  

backbone.layer4.8.bn3.weight - torch.Size([384]): 
Initialized by user-defined `init_weights` in RegNet  

backbone.layer4.8.bn3.bias - torch.Size([384]): 
The value is the same before and after calling `init_weights` of ImageClassifier  

backbone.layer4.9.conv1.weight - torch.Size([384, 384, 1, 1]): 
The value is the same before and after calling `init_weights` of ImageClassifier  

backbone.layer4.9.bn1.weight - torch.Size([384]): 
The value is the same before and after calling `init_weights` of ImageClassifier  

backbone.layer4.9.bn1.bias - torch.Size([384]): 
The value is the same before and after calling `init_weights` of ImageClassifier  

backbone.layer4.9.conv2.weight - torch.Size([384, 16, 3, 3]): 
The value is the same before and after calling `init_weights` of ImageClassifier  

backbone.layer4.9.bn2.weight - torch.Size([384]): 
The value is the same before and after calling `init_weights` of ImageClassifier  

backbone.layer4.9.bn2.bias - torch.Size([384]): 
The value is the same before and after calling `init_weights` of ImageClassifier  

backbone.layer4.9.conv3.weight - torch.Size([384, 384, 1, 1]): 
The value is the same before and after calling `init_weights` of ImageClassifier  

backbone.layer4.9.bn3.weight - torch.Size([384]): 
Initialized by user-defined `init_weights` in RegNet  

backbone.layer4.9.bn3.bias - torch.Size([384]): 
The value is the same before and after calling `init_weights` of ImageClassifier  

backbone.layer4.10.conv1.weight - torch.Size([384, 384, 1, 1]): 
The value is the same before and after calling `init_weights` of ImageClassifier  

backbone.layer4.10.bn1.weight - torch.Size([384]): 
The value is the same before and after calling `init_weights` of ImageClassifier  

backbone.layer4.10.bn1.bias - torch.Size([384]): 
The value is the same before and after calling `init_weights` of ImageClassifier  

backbone.layer4.10.conv2.weight - torch.Size([384, 16, 3, 3]): 
The value is the same before and after calling `init_weights` of ImageClassifier  

backbone.layer4.10.bn2.weight - torch.Size([384]): 
The value is the same before and after calling `init_weights` of ImageClassifier  

backbone.layer4.10.bn2.bias - torch.Size([384]): 
The value is the same before and after calling `init_weights` of ImageClassifier  

backbone.layer4.10.conv3.weight - torch.Size([384, 384, 1, 1]): 
The value is the same before and after calling `init_weights` of ImageClassifier  

backbone.layer4.10.bn3.weight - torch.Size([384]): 
Initialized by user-defined `init_weights` in RegNet  

backbone.layer4.10.bn3.bias - torch.Size([384]): 
The value is the same before and after calling `init_weights` of ImageClassifier  

backbone.layer4.11.conv1.weight - torch.Size([384, 384, 1, 1]): 
The value is the same before and after calling `init_weights` of ImageClassifier  

backbone.layer4.11.bn1.weight - torch.Size([384]): 
The value is the same before and after calling `init_weights` of ImageClassifier  

backbone.layer4.11.bn1.bias - torch.Size([384]): 
The value is the same before and after calling `init_weights` of ImageClassifier  

backbone.layer4.11.conv2.weight - torch.Size([384, 16, 3, 3]): 
The value is the same before and after calling `init_weights` of ImageClassifier  

backbone.layer4.11.bn2.weight - torch.Size([384]): 
The value is the same before and after calling `init_weights` of ImageClassifier  

backbone.layer4.11.bn2.bias - torch.Size([384]): 
The value is the same before and after calling `init_weights` of ImageClassifier  

backbone.layer4.11.conv3.weight - torch.Size([384, 384, 1, 1]): 
The value is the same before and after calling `init_weights` of ImageClassifier  

backbone.layer4.11.bn3.weight - torch.Size([384]): 
Initialized by user-defined `init_weights` in RegNet  

backbone.layer4.11.bn3.bias - torch.Size([384]): 
The value is the same before and after calling `init_weights` of ImageClassifier  

head.fc.weight - torch.Size([1000, 384]): 
NormalInit: mean=0, std=0.01, bias=0 

head.fc.bias - torch.Size([1000]): 
NormalInit: mean=0, std=0.01, bias=0 
2024-04-01 17:49:13,921 - mmcls - INFO - Start running, host: u3570905@gpu2-comp-104, work_dir: /userhome/cs2/u3570905/CNN_Image_Classification_Code/output/regnetx_400mf_b32x8_imagenet_flowers
2024-04-01 17:49:13,922 - mmcls - INFO - Hooks will be executed in the following order:
before_run:
(VERY_HIGH   ) StepLrUpdaterHook                  
(NORMAL      ) CheckpointHook                     
(NORMAL      ) EvalHook                           
(VERY_LOW    ) TextLoggerHook                     
 -------------------- 
before_train_epoch:
(VERY_HIGH   ) StepLrUpdaterHook                  
(NORMAL      ) EvalHook                           
(LOW         ) IterTimerHook                      
(VERY_LOW    ) TextLoggerHook                     
 -------------------- 
before_train_iter:
(VERY_HIGH   ) StepLrUpdaterHook                  
(NORMAL      ) EvalHook                           
(LOW         ) IterTimerHook                      
 -------------------- 
after_train_iter:
(ABOVE_NORMAL) OptimizerHook                      
(NORMAL      ) CheckpointHook                     
(NORMAL      ) EvalHook                           
(LOW         ) IterTimerHook                      
(VERY_LOW    ) TextLoggerHook                     
 -------------------- 
after_train_epoch:
(NORMAL      ) CheckpointHook                     
(NORMAL      ) EvalHook                           
(VERY_LOW    ) TextLoggerHook                     
 -------------------- 
before_val_epoch:
(LOW         ) IterTimerHook                      
(VERY_LOW    ) TextLoggerHook                     
 -------------------- 
before_val_iter:
(LOW         ) IterTimerHook                      
 -------------------- 
after_val_iter:
(LOW         ) IterTimerHook                      
 -------------------- 
after_val_epoch:
(VERY_LOW    ) TextLoggerHook                     
 -------------------- 
after_run:
(VERY_LOW    ) TextLoggerHook                     
 -------------------- 
2024-04-01 17:49:13,922 - mmcls - INFO - workflow: [('train', 1)], max: 50 epochs
2024-04-01 17:49:13,922 - mmcls - INFO - Checkpoints will be saved to /userhome/cs2/u3570905/CNN_Image_Classification_Code/output/regnetx_400mf_b32x8_imagenet_flowers by HardDiskBackend.
2024-04-01 17:49:23,738 - mmcls - INFO - Saving checkpoint at 1 epochs
2024-04-01 17:49:25,529 - mmcls - INFO - Epoch(val) [1][6]	accuracy_top-1: 21.7647, accuracy_top-5: 68.2353
2024-04-01 17:49:35,402 - mmcls - INFO - Saving checkpoint at 2 epochs
2024-04-01 17:49:37,281 - mmcls - INFO - Epoch(val) [2][6]	accuracy_top-1: 28.2353, accuracy_top-5: 87.0588
2024-04-01 17:49:47,322 - mmcls - INFO - Saving checkpoint at 3 epochs
2024-04-01 17:49:49,138 - mmcls - INFO - Epoch(val) [3][6]	accuracy_top-1: 45.2941, accuracy_top-5: 87.0588
2024-04-01 17:49:59,105 - mmcls - INFO - Saving checkpoint at 4 epochs
2024-04-01 17:50:01,001 - mmcls - INFO - Epoch(val) [4][6]	accuracy_top-1: 46.4706, accuracy_top-5: 92.3529
2024-04-01 17:50:10,917 - mmcls - INFO - Saving checkpoint at 5 epochs
2024-04-01 17:50:12,828 - mmcls - INFO - Epoch(val) [5][6]	accuracy_top-1: 44.7059, accuracy_top-5: 89.4118
2024-04-01 17:50:22,876 - mmcls - INFO - Saving checkpoint at 6 epochs
2024-04-01 17:50:24,734 - mmcls - INFO - Epoch(val) [6][6]	accuracy_top-1: 39.4118, accuracy_top-5: 85.2941
2024-04-01 17:50:34,789 - mmcls - INFO - Saving checkpoint at 7 epochs
2024-04-01 17:50:36,644 - mmcls - INFO - Epoch(val) [7][6]	accuracy_top-1: 52.3529, accuracy_top-5: 90.0000
2024-04-01 17:50:46,499 - mmcls - INFO - Saving checkpoint at 8 epochs
2024-04-01 17:50:48,258 - mmcls - INFO - Epoch(val) [8][6]	accuracy_top-1: 51.7647, accuracy_top-5: 95.8824
2024-04-01 17:50:58,145 - mmcls - INFO - Saving checkpoint at 9 epochs
2024-04-01 17:50:59,933 - mmcls - INFO - Epoch(val) [9][6]	accuracy_top-1: 52.9412, accuracy_top-5: 95.8824
2024-04-01 17:51:10,000 - mmcls - INFO - Saving checkpoint at 10 epochs
2024-04-01 17:51:11,856 - mmcls - INFO - Epoch(val) [10][6]	accuracy_top-1: 51.7647, accuracy_top-5: 94.1176
2024-04-01 17:51:21,706 - mmcls - INFO - Saving checkpoint at 11 epochs
2024-04-01 17:51:23,522 - mmcls - INFO - Epoch(val) [11][6]	accuracy_top-1: 60.0000, accuracy_top-5: 94.7059
2024-04-01 17:51:33,584 - mmcls - INFO - Saving checkpoint at 12 epochs
2024-04-01 17:51:35,589 - mmcls - INFO - Epoch(val) [12][6]	accuracy_top-1: 53.5294, accuracy_top-5: 96.4706
2024-04-01 17:51:45,949 - mmcls - INFO - Saving checkpoint at 13 epochs
2024-04-01 17:51:47,833 - mmcls - INFO - Epoch(val) [13][6]	accuracy_top-1: 57.0588, accuracy_top-5: 94.7059
2024-04-01 17:51:57,548 - mmcls - INFO - Saving checkpoint at 14 epochs
2024-04-01 17:51:59,725 - mmcls - INFO - Epoch(val) [14][6]	accuracy_top-1: 60.0000, accuracy_top-5: 94.1176
2024-04-01 17:52:09,593 - mmcls - INFO - Saving checkpoint at 15 epochs
2024-04-01 17:52:11,437 - mmcls - INFO - Epoch(val) [15][6]	accuracy_top-1: 61.1765, accuracy_top-5: 95.2941
2024-04-01 17:52:21,421 - mmcls - INFO - Saving checkpoint at 16 epochs
2024-04-01 17:52:23,554 - mmcls - INFO - Epoch(val) [16][6]	accuracy_top-1: 67.0588, accuracy_top-5: 93.5294
2024-04-01 17:52:33,530 - mmcls - INFO - Saving checkpoint at 17 epochs
2024-04-01 17:52:35,416 - mmcls - INFO - Epoch(val) [17][6]	accuracy_top-1: 61.1765, accuracy_top-5: 94.7059
2024-04-01 17:52:45,256 - mmcls - INFO - Saving checkpoint at 18 epochs
2024-04-01 17:52:47,078 - mmcls - INFO - Epoch(val) [18][6]	accuracy_top-1: 61.1765, accuracy_top-5: 94.7059
2024-04-01 17:52:57,003 - mmcls - INFO - Saving checkpoint at 19 epochs
2024-04-01 17:52:58,856 - mmcls - INFO - Epoch(val) [19][6]	accuracy_top-1: 61.7647, accuracy_top-5: 95.2941
2024-04-01 17:53:08,722 - mmcls - INFO - Saving checkpoint at 20 epochs
2024-04-01 17:53:10,599 - mmcls - INFO - Epoch(val) [20][6]	accuracy_top-1: 65.8824, accuracy_top-5: 97.0588
2024-04-01 17:53:20,782 - mmcls - INFO - Saving checkpoint at 21 epochs
2024-04-01 17:53:22,532 - mmcls - INFO - Epoch(val) [21][6]	accuracy_top-1: 64.1176, accuracy_top-5: 94.7059
2024-04-01 17:53:32,273 - mmcls - INFO - Saving checkpoint at 22 epochs
2024-04-01 17:53:34,045 - mmcls - INFO - Epoch(val) [22][6]	accuracy_top-1: 65.8824, accuracy_top-5: 97.6471
2024-04-01 17:53:43,878 - mmcls - INFO - Saving checkpoint at 23 epochs
2024-04-01 17:53:45,659 - mmcls - INFO - Epoch(val) [23][6]	accuracy_top-1: 64.1176, accuracy_top-5: 94.7059
2024-04-01 17:53:55,522 - mmcls - INFO - Saving checkpoint at 24 epochs
2024-04-01 17:53:57,337 - mmcls - INFO - Epoch(val) [24][6]	accuracy_top-1: 64.7059, accuracy_top-5: 95.8824
2024-04-01 17:54:07,475 - mmcls - INFO - Saving checkpoint at 25 epochs
2024-04-01 17:54:09,348 - mmcls - INFO - Epoch(val) [25][6]	accuracy_top-1: 66.4706, accuracy_top-5: 94.1176
2024-04-01 17:54:19,152 - mmcls - INFO - Saving checkpoint at 26 epochs
2024-04-01 17:54:21,039 - mmcls - INFO - Epoch(val) [26][6]	accuracy_top-1: 66.4706, accuracy_top-5: 95.8824
2024-04-01 17:54:30,906 - mmcls - INFO - Saving checkpoint at 27 epochs
2024-04-01 17:54:32,704 - mmcls - INFO - Epoch(val) [27][6]	accuracy_top-1: 64.7059, accuracy_top-5: 94.7059
2024-04-01 17:54:42,961 - mmcls - INFO - Saving checkpoint at 28 epochs
2024-04-01 17:54:44,810 - mmcls - INFO - Epoch(val) [28][6]	accuracy_top-1: 69.4118, accuracy_top-5: 97.6471
2024-04-01 17:54:54,742 - mmcls - INFO - Saving checkpoint at 29 epochs
2024-04-01 17:54:56,598 - mmcls - INFO - Epoch(val) [29][6]	accuracy_top-1: 70.5882, accuracy_top-5: 97.0588
2024-04-01 17:55:06,503 - mmcls - INFO - Saving checkpoint at 30 epochs
2024-04-01 17:55:08,369 - mmcls - INFO - Epoch(val) [30][6]	accuracy_top-1: 64.1176, accuracy_top-5: 96.4706
2024-04-01 17:55:18,508 - mmcls - INFO - Saving checkpoint at 31 epochs
2024-04-01 17:55:20,327 - mmcls - INFO - Epoch(val) [31][6]	accuracy_top-1: 70.0000, accuracy_top-5: 97.0588
2024-04-01 17:55:30,614 - mmcls - INFO - Saving checkpoint at 32 epochs
2024-04-01 17:55:32,426 - mmcls - INFO - Epoch(val) [32][6]	accuracy_top-1: 64.7059, accuracy_top-5: 95.8824
2024-04-01 17:55:42,476 - mmcls - INFO - Saving checkpoint at 33 epochs
2024-04-01 17:55:44,391 - mmcls - INFO - Epoch(val) [33][6]	accuracy_top-1: 65.8824, accuracy_top-5: 96.4706
2024-04-01 17:55:54,670 - mmcls - INFO - Saving checkpoint at 34 epochs
2024-04-01 17:55:56,676 - mmcls - INFO - Epoch(val) [34][6]	accuracy_top-1: 68.8235, accuracy_top-5: 97.6471
2024-04-01 17:56:06,539 - mmcls - INFO - Saving checkpoint at 35 epochs
2024-04-01 17:56:08,375 - mmcls - INFO - Epoch(val) [35][6]	accuracy_top-1: 65.2941, accuracy_top-5: 93.5294
2024-04-01 17:56:18,062 - mmcls - INFO - Saving checkpoint at 36 epochs
2024-04-01 17:56:19,952 - mmcls - INFO - Epoch(val) [36][6]	accuracy_top-1: 67.6471, accuracy_top-5: 96.4706
2024-04-01 17:56:30,052 - mmcls - INFO - Saving checkpoint at 37 epochs
2024-04-01 17:56:31,846 - mmcls - INFO - Epoch(val) [37][6]	accuracy_top-1: 79.4118, accuracy_top-5: 95.8824
2024-04-01 17:56:41,925 - mmcls - INFO - Saving checkpoint at 38 epochs
2024-04-01 17:56:44,019 - mmcls - INFO - Epoch(val) [38][6]	accuracy_top-1: 71.1765, accuracy_top-5: 96.4706
2024-04-01 17:56:54,164 - mmcls - INFO - Saving checkpoint at 39 epochs
2024-04-01 17:56:56,053 - mmcls - INFO - Epoch(val) [39][6]	accuracy_top-1: 72.3529, accuracy_top-5: 97.6471
2024-04-01 17:57:05,953 - mmcls - INFO - Saving checkpoint at 40 epochs
2024-04-01 17:57:08,120 - mmcls - INFO - Epoch(val) [40][6]	accuracy_top-1: 72.3529, accuracy_top-5: 96.4706
2024-04-01 17:57:17,949 - mmcls - INFO - Saving checkpoint at 41 epochs
2024-04-01 17:57:19,788 - mmcls - INFO - Epoch(val) [41][6]	accuracy_top-1: 70.0000, accuracy_top-5: 95.2941
2024-04-01 17:57:29,878 - mmcls - INFO - Saving checkpoint at 42 epochs
2024-04-01 17:57:31,665 - mmcls - INFO - Epoch(val) [42][6]	accuracy_top-1: 71.7647, accuracy_top-5: 97.0588
2024-04-01 17:57:41,591 - mmcls - INFO - Saving checkpoint at 43 epochs
2024-04-01 17:57:43,428 - mmcls - INFO - Epoch(val) [43][6]	accuracy_top-1: 76.4706, accuracy_top-5: 95.8824
2024-04-01 17:57:53,232 - mmcls - INFO - Saving checkpoint at 44 epochs
2024-04-01 17:57:55,068 - mmcls - INFO - Epoch(val) [44][6]	accuracy_top-1: 68.8235, accuracy_top-5: 96.4706
2024-04-01 17:58:05,070 - mmcls - INFO - Saving checkpoint at 45 epochs
2024-04-01 17:58:07,068 - mmcls - INFO - Epoch(val) [45][6]	accuracy_top-1: 72.9412, accuracy_top-5: 97.0588
2024-04-01 17:58:17,126 - mmcls - INFO - Saving checkpoint at 46 epochs
2024-04-01 17:58:19,210 - mmcls - INFO - Epoch(val) [46][6]	accuracy_top-1: 74.7059, accuracy_top-5: 97.0588
2024-04-01 17:58:29,180 - mmcls - INFO - Saving checkpoint at 47 epochs
2024-04-01 17:58:31,013 - mmcls - INFO - Epoch(val) [47][6]	accuracy_top-1: 77.0588, accuracy_top-5: 97.6471
2024-04-01 17:58:41,176 - mmcls - INFO - Saving checkpoint at 48 epochs
2024-04-01 17:58:43,588 - mmcls - INFO - Epoch(val) [48][6]	accuracy_top-1: 76.4706, accuracy_top-5: 97.0588
2024-04-01 17:58:53,429 - mmcls - INFO - Saving checkpoint at 49 epochs
2024-04-01 17:58:55,231 - mmcls - INFO - Epoch(val) [49][6]	accuracy_top-1: 72.9412, accuracy_top-5: 97.6471
2024-04-01 17:59:05,166 - mmcls - INFO - Saving checkpoint at 50 epochs
2024-04-01 17:59:07,006 - mmcls - INFO - Epoch(val) [50][6]	accuracy_top-1: 78.2353, accuracy_top-5: 96.4706
