2024-04-22 04:42:16,476 - mmcls - INFO - Environment info:
------------------------------------------------------------
sys.platform: linux
Python: 3.7.16 (default, Jan 17 2023, 22:20:44) [GCC 11.2.0]
CUDA available: True
GPU 0: NVIDIA GeForce RTX 2080 Ti
CUDA_HOME: /usr/local/cuda
NVCC: Cuda compilation tools, release 11.8, V11.8.89
GCC: gcc (Ubuntu 11.4.0-1ubuntu1~22.04) 11.4.0
PyTorch: 1.7.1
PyTorch compiling details: PyTorch built with:
  - GCC 7.3
  - C++ Version: 201402
  - Intel(R) oneAPI Math Kernel Library Version 2021.4-Product Build 20210904 for Intel(R) 64 architecture applications
  - Intel(R) MKL-DNN v1.6.0 (Git Hash 5ef631a030a6f73131c77892041042805a06064f)
  - OpenMP 201511 (a.k.a. OpenMP 4.5)
  - NNPACK is enabled
  - CPU capability usage: AVX2
  - CUDA Runtime 10.1
  - NVCC architecture flags: -gencode;arch=compute_37,code=sm_37;-gencode;arch=compute_50,code=sm_50;-gencode;arch=compute_60,code=sm_60;-gencode;arch=compute_61,code=sm_61;-gencode;arch=compute_70,code=sm_70;-gencode;arch=compute_75,code=sm_75;-gencode;arch=compute_37,code=compute_37
  - CuDNN 7.6.3
  - Magma 2.5.2
  - Build settings: BLAS=MKL, BUILD_TYPE=Release, CXX_FLAGS= -Wno-deprecated -fvisibility-inlines-hidden -DUSE_PTHREADPOOL -fopenmp -DNDEBUG -DUSE_FBGEMM -DUSE_QNNPACK -DUSE_PYTORCH_QNNPACK -DUSE_XNNPACK -DUSE_VULKAN_WRAPPER -O2 -fPIC -Wno-narrowing -Wall -Wextra -Werror=return-type -Wno-missing-field-initializers -Wno-type-limits -Wno-array-bounds -Wno-unknown-pragmas -Wno-sign-compare -Wno-unused-parameter -Wno-unused-variable -Wno-unused-function -Wno-unused-result -Wno-unused-local-typedefs -Wno-strict-overflow -Wno-strict-aliasing -Wno-error=deprecated-declarations -Wno-stringop-overflow -Wno-psabi -Wno-error=pedantic -Wno-error=redundant-decls -Wno-error=old-style-cast -fdiagnostics-color=always -faligned-new -Wno-unused-but-set-variable -Wno-maybe-uninitialized -fno-math-errno -fno-trapping-math -Werror=format -Wno-stringop-overflow, PERF_WITH_AVX=1, PERF_WITH_AVX2=1, PERF_WITH_AVX512=1, USE_CUDA=ON, USE_EXCEPTION_PTR=1, USE_GFLAGS=OFF, USE_GLOG=OFF, USE_MKL=ON, USE_MKLDNN=ON, USE_MPI=OFF, USE_NCCL=ON, USE_NNPACK=ON, USE_OPENMP=ON, 

TorchVision: 0.8.2
OpenCV: 4.9.0
MMCV: 1.5.0
MMCV Compiler: GCC 11.4
MMCV CUDA Compiler: 11.8
MMClassification: 0.15.0+321350b
------------------------------------------------------------

2024-04-22 04:42:16,478 - mmcls - INFO - Distributed training: False
2024-04-22 04:42:16,666 - mmcls - INFO - Config:
model = dict(
    type='ImageClassifier',
    backbone=dict(
        type='ResNet',
        depth=18,
        num_stages=4,
        out_indices=(3, ),
        style='pytorch'),
    neck=dict(type='GlobalAveragePooling'),
    head=dict(
        type='LinearClsHead',
        num_classes=17,
        in_channels=512,
        loss=dict(type='CrossEntropyLoss', loss_weight=1.0)))
dataset_type = 'Flowers'
img_norm_cfg = dict(
    mean=[123.675, 116.28, 103.53], std=[58.395, 57.12, 57.375], to_rgb=True)
train_pipeline = [
    dict(type='LoadImageFromFile'),
    dict(type='RandomResizedCrop', size=224),
    dict(type='RandomFlip', flip_prob=0.5, direction='horizontal'),
    dict(
        type='Normalize',
        mean=[123.675, 116.28, 103.53],
        std=[58.395, 57.12, 57.375],
        to_rgb=True),
    dict(type='ImageToTensor', keys=['img']),
    dict(type='ToTensor', keys=['gt_label']),
    dict(type='Collect', keys=['img', 'gt_label'])
]
test_pipeline = [
    dict(type='LoadImageFromFile'),
    dict(type='Resize', size=(256, -1)),
    dict(type='CenterCrop', crop_size=224),
    dict(
        type='Normalize',
        mean=[123.675, 116.28, 103.53],
        std=[58.395, 57.12, 57.375],
        to_rgb=True),
    dict(type='ImageToTensor', keys=['img']),
    dict(type='Collect', keys=['img'])
]
data = dict(
    samples_per_gpu=32,
    workers_per_gpu=1,
    train=dict(
        type='Flowers',
        data_prefix='data/flowers/train',
        ann_file='data/flowers/meta/train.txt',
        pipeline=[
            dict(type='LoadImageFromFile'),
            dict(type='RandomResizedCrop', size=224),
            dict(type='RandomFlip', flip_prob=0.5, direction='horizontal'),
            dict(
                type='Normalize',
                mean=[123.675, 116.28, 103.53],
                std=[58.395, 57.12, 57.375],
                to_rgb=True),
            dict(type='ImageToTensor', keys=['img']),
            dict(type='ToTensor', keys=['gt_label']),
            dict(type='Collect', keys=['img', 'gt_label'])
        ]),
    val=dict(
        type='Flowers',
        data_prefix='data/flowers/val',
        ann_file='data/flowers/meta/val.txt',
        pipeline=[
            dict(type='LoadImageFromFile'),
            dict(type='Resize', size=(256, -1)),
            dict(type='CenterCrop', crop_size=224),
            dict(
                type='Normalize',
                mean=[123.675, 116.28, 103.53],
                std=[58.395, 57.12, 57.375],
                to_rgb=True),
            dict(type='ImageToTensor', keys=['img']),
            dict(type='Collect', keys=['img'])
        ]),
    test=dict(
        type='Flowers',
        data_prefix='data/flowers/val',
        ann_file='data/flowers/meta/val.txt',
        pipeline=[
            dict(type='LoadImageFromFile'),
            dict(type='Resize', size=(256, -1)),
            dict(type='CenterCrop', crop_size=224),
            dict(
                type='Normalize',
                mean=[123.675, 116.28, 103.53],
                std=[58.395, 57.12, 57.375],
                to_rgb=True),
            dict(type='ImageToTensor', keys=['img']),
            dict(type='Collect', keys=['img'])
        ]))
evaluation = dict(interval=1, metric='accuracy')
optimizer = dict(type='SGD', lr=0.2, momentum=0.7, weight_decay=0.0001)
optimizer_config = dict(grad_clip=None)
lr_config = dict(policy='step', step=[10, 25])
runner = dict(type='EpochBasedRunner', max_epochs=50)
checkpoint_config = dict(interval=50)
log_config = dict(interval=100, hooks=[dict(type='TextLoggerHook')])
dist_params = dict(backend='nccl')
log_level = 'INFO'
load_from = None
resume_from = None
workflow = [('train', 1)]
default_scope = 'mmpretrain'
work_dir = 'output/resnet18_flowers_bs128_4'
gpu_ids = range(0, 1)

2024-04-22 04:42:16,815 - mmcls - INFO - initialize ResNet with init_cfg [{'type': 'Kaiming', 'layer': ['Conv2d']}, {'type': 'Constant', 'val': 1, 'layer': ['_BatchNorm', 'GroupNorm']}]
2024-04-22 04:42:16,978 - mmcls - INFO - initialize LinearClsHead with init_cfg {'type': 'Normal', 'layer': 'Linear', 'std': 0.01}
Name of parameter - Initialization information

backbone.conv1.weight - torch.Size([64, 3, 7, 7]): 
KaimingInit: a=0, mode=fan_out, nonlinearity=relu, distribution =normal, bias=0 

backbone.bn1.weight - torch.Size([64]): 
The value is the same before and after calling `init_weights` of ImageClassifier  

backbone.bn1.bias - torch.Size([64]): 
The value is the same before and after calling `init_weights` of ImageClassifier  

backbone.layer1.0.conv1.weight - torch.Size([64, 64, 3, 3]): 
KaimingInit: a=0, mode=fan_out, nonlinearity=relu, distribution =normal, bias=0 

backbone.layer1.0.bn1.weight - torch.Size([64]): 
The value is the same before and after calling `init_weights` of ImageClassifier  

backbone.layer1.0.bn1.bias - torch.Size([64]): 
The value is the same before and after calling `init_weights` of ImageClassifier  

backbone.layer1.0.conv2.weight - torch.Size([64, 64, 3, 3]): 
KaimingInit: a=0, mode=fan_out, nonlinearity=relu, distribution =normal, bias=0 

backbone.layer1.0.bn2.weight - torch.Size([64]): 
Initialized by user-defined `init_weights` in ResNet  

backbone.layer1.0.bn2.bias - torch.Size([64]): 
The value is the same before and after calling `init_weights` of ImageClassifier  

backbone.layer1.1.conv1.weight - torch.Size([64, 64, 3, 3]): 
KaimingInit: a=0, mode=fan_out, nonlinearity=relu, distribution =normal, bias=0 

backbone.layer1.1.bn1.weight - torch.Size([64]): 
The value is the same before and after calling `init_weights` of ImageClassifier  

backbone.layer1.1.bn1.bias - torch.Size([64]): 
The value is the same before and after calling `init_weights` of ImageClassifier  

backbone.layer1.1.conv2.weight - torch.Size([64, 64, 3, 3]): 
KaimingInit: a=0, mode=fan_out, nonlinearity=relu, distribution =normal, bias=0 

backbone.layer1.1.bn2.weight - torch.Size([64]): 
Initialized by user-defined `init_weights` in ResNet  

backbone.layer1.1.bn2.bias - torch.Size([64]): 
The value is the same before and after calling `init_weights` of ImageClassifier  

backbone.layer2.0.conv1.weight - torch.Size([128, 64, 3, 3]): 
KaimingInit: a=0, mode=fan_out, nonlinearity=relu, distribution =normal, bias=0 

backbone.layer2.0.bn1.weight - torch.Size([128]): 
The value is the same before and after calling `init_weights` of ImageClassifier  

backbone.layer2.0.bn1.bias - torch.Size([128]): 
The value is the same before and after calling `init_weights` of ImageClassifier  

backbone.layer2.0.conv2.weight - torch.Size([128, 128, 3, 3]): 
KaimingInit: a=0, mode=fan_out, nonlinearity=relu, distribution =normal, bias=0 

backbone.layer2.0.bn2.weight - torch.Size([128]): 
Initialized by user-defined `init_weights` in ResNet  

backbone.layer2.0.bn2.bias - torch.Size([128]): 
The value is the same before and after calling `init_weights` of ImageClassifier  

backbone.layer2.0.downsample.0.weight - torch.Size([128, 64, 1, 1]): 
KaimingInit: a=0, mode=fan_out, nonlinearity=relu, distribution =normal, bias=0 

backbone.layer2.0.downsample.1.weight - torch.Size([128]): 
The value is the same before and after calling `init_weights` of ImageClassifier  

backbone.layer2.0.downsample.1.bias - torch.Size([128]): 
The value is the same before and after calling `init_weights` of ImageClassifier  

backbone.layer2.1.conv1.weight - torch.Size([128, 128, 3, 3]): 
KaimingInit: a=0, mode=fan_out, nonlinearity=relu, distribution =normal, bias=0 

backbone.layer2.1.bn1.weight - torch.Size([128]): 
The value is the same before and after calling `init_weights` of ImageClassifier  

backbone.layer2.1.bn1.bias - torch.Size([128]): 
The value is the same before and after calling `init_weights` of ImageClassifier  

backbone.layer2.1.conv2.weight - torch.Size([128, 128, 3, 3]): 
KaimingInit: a=0, mode=fan_out, nonlinearity=relu, distribution =normal, bias=0 

backbone.layer2.1.bn2.weight - torch.Size([128]): 
Initialized by user-defined `init_weights` in ResNet  

backbone.layer2.1.bn2.bias - torch.Size([128]): 
The value is the same before and after calling `init_weights` of ImageClassifier  

backbone.layer3.0.conv1.weight - torch.Size([256, 128, 3, 3]): 
KaimingInit: a=0, mode=fan_out, nonlinearity=relu, distribution =normal, bias=0 

backbone.layer3.0.bn1.weight - torch.Size([256]): 
The value is the same before and after calling `init_weights` of ImageClassifier  

backbone.layer3.0.bn1.bias - torch.Size([256]): 
The value is the same before and after calling `init_weights` of ImageClassifier  

backbone.layer3.0.conv2.weight - torch.Size([256, 256, 3, 3]): 
KaimingInit: a=0, mode=fan_out, nonlinearity=relu, distribution =normal, bias=0 

backbone.layer3.0.bn2.weight - torch.Size([256]): 
Initialized by user-defined `init_weights` in ResNet  

backbone.layer3.0.bn2.bias - torch.Size([256]): 
The value is the same before and after calling `init_weights` of ImageClassifier  

backbone.layer3.0.downsample.0.weight - torch.Size([256, 128, 1, 1]): 
KaimingInit: a=0, mode=fan_out, nonlinearity=relu, distribution =normal, bias=0 

backbone.layer3.0.downsample.1.weight - torch.Size([256]): 
The value is the same before and after calling `init_weights` of ImageClassifier  

backbone.layer3.0.downsample.1.bias - torch.Size([256]): 
The value is the same before and after calling `init_weights` of ImageClassifier  

backbone.layer3.1.conv1.weight - torch.Size([256, 256, 3, 3]): 
KaimingInit: a=0, mode=fan_out, nonlinearity=relu, distribution =normal, bias=0 

backbone.layer3.1.bn1.weight - torch.Size([256]): 
The value is the same before and after calling `init_weights` of ImageClassifier  

backbone.layer3.1.bn1.bias - torch.Size([256]): 
The value is the same before and after calling `init_weights` of ImageClassifier  

backbone.layer3.1.conv2.weight - torch.Size([256, 256, 3, 3]): 
KaimingInit: a=0, mode=fan_out, nonlinearity=relu, distribution =normal, bias=0 

backbone.layer3.1.bn2.weight - torch.Size([256]): 
Initialized by user-defined `init_weights` in ResNet  

backbone.layer3.1.bn2.bias - torch.Size([256]): 
The value is the same before and after calling `init_weights` of ImageClassifier  

backbone.layer4.0.conv1.weight - torch.Size([512, 256, 3, 3]): 
KaimingInit: a=0, mode=fan_out, nonlinearity=relu, distribution =normal, bias=0 

backbone.layer4.0.bn1.weight - torch.Size([512]): 
The value is the same before and after calling `init_weights` of ImageClassifier  

backbone.layer4.0.bn1.bias - torch.Size([512]): 
The value is the same before and after calling `init_weights` of ImageClassifier  

backbone.layer4.0.conv2.weight - torch.Size([512, 512, 3, 3]): 
KaimingInit: a=0, mode=fan_out, nonlinearity=relu, distribution =normal, bias=0 

backbone.layer4.0.bn2.weight - torch.Size([512]): 
Initialized by user-defined `init_weights` in ResNet  

backbone.layer4.0.bn2.bias - torch.Size([512]): 
The value is the same before and after calling `init_weights` of ImageClassifier  

backbone.layer4.0.downsample.0.weight - torch.Size([512, 256, 1, 1]): 
KaimingInit: a=0, mode=fan_out, nonlinearity=relu, distribution =normal, bias=0 

backbone.layer4.0.downsample.1.weight - torch.Size([512]): 
The value is the same before and after calling `init_weights` of ImageClassifier  

backbone.layer4.0.downsample.1.bias - torch.Size([512]): 
The value is the same before and after calling `init_weights` of ImageClassifier  

backbone.layer4.1.conv1.weight - torch.Size([512, 512, 3, 3]): 
KaimingInit: a=0, mode=fan_out, nonlinearity=relu, distribution =normal, bias=0 

backbone.layer4.1.bn1.weight - torch.Size([512]): 
The value is the same before and after calling `init_weights` of ImageClassifier  

backbone.layer4.1.bn1.bias - torch.Size([512]): 
The value is the same before and after calling `init_weights` of ImageClassifier  

backbone.layer4.1.conv2.weight - torch.Size([512, 512, 3, 3]): 
KaimingInit: a=0, mode=fan_out, nonlinearity=relu, distribution =normal, bias=0 

backbone.layer4.1.bn2.weight - torch.Size([512]): 
Initialized by user-defined `init_weights` in ResNet  

backbone.layer4.1.bn2.bias - torch.Size([512]): 
The value is the same before and after calling `init_weights` of ImageClassifier  

head.fc.weight - torch.Size([17, 512]): 
NormalInit: mean=0, std=0.01, bias=0 

head.fc.bias - torch.Size([17]): 
NormalInit: mean=0, std=0.01, bias=0 
2024-04-22 04:42:20,337 - mmcls - INFO - Start running, host: u3583070@gpu2-comp-108, work_dir: /userhome/cs2/u3583070/CNN-Flower-Classification/output/resnet18_flowers_bs128_4
2024-04-22 04:42:20,337 - mmcls - INFO - Hooks will be executed in the following order:
before_run:
(VERY_HIGH   ) StepLrUpdaterHook                  
(NORMAL      ) CheckpointHook                     
(NORMAL      ) EvalHook                           
(VERY_LOW    ) TextLoggerHook                     
 -------------------- 
before_train_epoch:
(VERY_HIGH   ) StepLrUpdaterHook                  
(NORMAL      ) EvalHook                           
(LOW         ) IterTimerHook                      
(VERY_LOW    ) TextLoggerHook                     
 -------------------- 
before_train_iter:
(VERY_HIGH   ) StepLrUpdaterHook                  
(NORMAL      ) EvalHook                           
(LOW         ) IterTimerHook                      
 -------------------- 
after_train_iter:
(ABOVE_NORMAL) OptimizerHook                      
(NORMAL      ) CheckpointHook                     
(NORMAL      ) EvalHook                           
(LOW         ) IterTimerHook                      
(VERY_LOW    ) TextLoggerHook                     
 -------------------- 
after_train_epoch:
(NORMAL      ) CheckpointHook                     
(NORMAL      ) EvalHook                           
(VERY_LOW    ) TextLoggerHook                     
 -------------------- 
before_val_epoch:
(LOW         ) IterTimerHook                      
(VERY_LOW    ) TextLoggerHook                     
 -------------------- 
before_val_iter:
(LOW         ) IterTimerHook                      
 -------------------- 
after_val_iter:
(LOW         ) IterTimerHook                      
 -------------------- 
after_val_epoch:
(VERY_LOW    ) TextLoggerHook                     
 -------------------- 
after_run:
(VERY_LOW    ) TextLoggerHook                     
 -------------------- 
2024-04-22 04:42:20,338 - mmcls - INFO - workflow: [('train', 1)], max: 50 epochs
2024-04-22 04:42:20,338 - mmcls - INFO - Checkpoints will be saved to /userhome/cs2/u3583070/CNN-Flower-Classification/output/resnet18_flowers_bs128_4 by HardDiskBackend.
2024-04-22 04:42:32,153 - mmcls - INFO - Epoch(val) [1][6]	accuracy_top-1: 35.8824, accuracy_top-5: 83.5294
2024-04-22 04:42:43,937 - mmcls - INFO - Epoch(val) [2][6]	accuracy_top-1: 50.0000, accuracy_top-5: 90.0000
2024-04-22 04:42:56,135 - mmcls - INFO - Epoch(val) [3][6]	accuracy_top-1: 45.8824, accuracy_top-5: 95.8824
2024-04-22 04:43:08,136 - mmcls - INFO - Epoch(val) [4][6]	accuracy_top-1: 48.2353, accuracy_top-5: 91.7647
2024-04-22 04:43:20,180 - mmcls - INFO - Epoch(val) [5][6]	accuracy_top-1: 56.4706, accuracy_top-5: 92.3529
2024-04-22 04:43:31,927 - mmcls - INFO - Epoch(val) [6][6]	accuracy_top-1: 60.5882, accuracy_top-5: 92.9412
2024-04-22 04:43:43,886 - mmcls - INFO - Epoch(val) [7][6]	accuracy_top-1: 60.0000, accuracy_top-5: 97.0588
2024-04-22 04:43:55,903 - mmcls - INFO - Epoch(val) [8][6]	accuracy_top-1: 57.0588, accuracy_top-5: 95.2941
2024-04-22 04:44:07,931 - mmcls - INFO - Epoch(val) [9][6]	accuracy_top-1: 65.8824, accuracy_top-5: 97.6471
2024-04-22 04:44:19,947 - mmcls - INFO - Epoch(val) [10][6]	accuracy_top-1: 69.4118, accuracy_top-5: 97.0588
2024-04-22 04:44:32,166 - mmcls - INFO - Epoch(val) [11][6]	accuracy_top-1: 78.8235, accuracy_top-5: 97.6471
2024-04-22 04:44:43,654 - mmcls - INFO - Epoch(val) [12][6]	accuracy_top-1: 76.4706, accuracy_top-5: 97.6471
2024-04-22 04:44:55,380 - mmcls - INFO - Epoch(val) [13][6]	accuracy_top-1: 79.4118, accuracy_top-5: 98.2353
2024-04-22 04:45:07,074 - mmcls - INFO - Epoch(val) [14][6]	accuracy_top-1: 78.8235, accuracy_top-5: 98.2353
2024-04-22 04:45:18,817 - mmcls - INFO - Epoch(val) [15][6]	accuracy_top-1: 77.0588, accuracy_top-5: 98.2353
2024-04-22 04:45:30,889 - mmcls - INFO - Epoch(val) [16][6]	accuracy_top-1: 75.8824, accuracy_top-5: 96.4706
2024-04-22 04:45:42,526 - mmcls - INFO - Epoch(val) [17][6]	accuracy_top-1: 82.3529, accuracy_top-5: 97.6471
2024-04-22 04:45:53,945 - mmcls - INFO - Epoch(val) [18][6]	accuracy_top-1: 81.1765, accuracy_top-5: 98.2353
2024-04-22 04:46:05,459 - mmcls - INFO - Epoch(val) [19][6]	accuracy_top-1: 80.5882, accuracy_top-5: 98.2353
2024-04-22 04:46:17,447 - mmcls - INFO - Epoch(val) [20][6]	accuracy_top-1: 80.5882, accuracy_top-5: 98.2353
2024-04-22 04:46:29,103 - mmcls - INFO - Epoch(val) [21][6]	accuracy_top-1: 79.4118, accuracy_top-5: 96.4706
2024-04-22 04:46:41,013 - mmcls - INFO - Epoch(val) [22][6]	accuracy_top-1: 81.1765, accuracy_top-5: 97.6471
2024-04-22 04:46:52,569 - mmcls - INFO - Epoch(val) [23][6]	accuracy_top-1: 83.5294, accuracy_top-5: 98.2353
2024-04-22 04:47:04,267 - mmcls - INFO - Epoch(val) [24][6]	accuracy_top-1: 84.7059, accuracy_top-5: 97.6471
2024-04-22 04:47:16,305 - mmcls - INFO - Epoch(val) [25][6]	accuracy_top-1: 83.5294, accuracy_top-5: 97.6471
2024-04-22 04:47:28,631 - mmcls - INFO - Epoch(val) [26][6]	accuracy_top-1: 83.5294, accuracy_top-5: 97.6471
2024-04-22 04:47:40,398 - mmcls - INFO - Epoch(val) [27][6]	accuracy_top-1: 83.5294, accuracy_top-5: 97.0588
2024-04-22 04:47:52,235 - mmcls - INFO - Epoch(val) [28][6]	accuracy_top-1: 84.1176, accuracy_top-5: 97.6471
2024-04-22 04:48:04,390 - mmcls - INFO - Epoch(val) [29][6]	accuracy_top-1: 84.7059, accuracy_top-5: 97.6471
2024-04-22 04:48:16,102 - mmcls - INFO - Epoch(val) [30][6]	accuracy_top-1: 85.2941, accuracy_top-5: 97.6471
2024-04-22 04:48:27,825 - mmcls - INFO - Epoch(val) [31][6]	accuracy_top-1: 84.1176, accuracy_top-5: 97.6471
2024-04-22 04:48:39,617 - mmcls - INFO - Epoch(val) [32][6]	accuracy_top-1: 84.1176, accuracy_top-5: 98.2353
2024-04-22 04:48:51,263 - mmcls - INFO - Epoch(val) [33][6]	accuracy_top-1: 84.1176, accuracy_top-5: 97.0588
2024-04-22 04:49:03,108 - mmcls - INFO - Epoch(val) [34][6]	accuracy_top-1: 84.7059, accuracy_top-5: 98.2353
2024-04-22 04:49:14,679 - mmcls - INFO - Epoch(val) [35][6]	accuracy_top-1: 84.7059, accuracy_top-5: 98.2353
2024-04-22 04:49:26,679 - mmcls - INFO - Epoch(val) [36][6]	accuracy_top-1: 84.1176, accuracy_top-5: 97.6471
2024-04-22 04:49:38,749 - mmcls - INFO - Epoch(val) [37][6]	accuracy_top-1: 85.2941, accuracy_top-5: 97.6471
2024-04-22 04:49:50,681 - mmcls - INFO - Epoch(val) [38][6]	accuracy_top-1: 83.5294, accuracy_top-5: 97.6471
2024-04-22 04:50:02,591 - mmcls - INFO - Epoch(val) [39][6]	accuracy_top-1: 84.7059, accuracy_top-5: 98.2353
2024-04-22 04:50:14,116 - mmcls - INFO - Epoch(val) [40][6]	accuracy_top-1: 82.3529, accuracy_top-5: 97.6471
2024-04-22 04:50:26,024 - mmcls - INFO - Epoch(val) [41][6]	accuracy_top-1: 83.5294, accuracy_top-5: 98.2353
2024-04-22 04:50:38,051 - mmcls - INFO - Epoch(val) [42][6]	accuracy_top-1: 85.8824, accuracy_top-5: 98.2353
2024-04-22 04:50:50,274 - mmcls - INFO - Epoch(val) [43][6]	accuracy_top-1: 84.7059, accuracy_top-5: 98.2353
2024-04-22 04:51:02,240 - mmcls - INFO - Epoch(val) [44][6]	accuracy_top-1: 84.1176, accuracy_top-5: 98.8235
2024-04-22 04:51:14,012 - mmcls - INFO - Epoch(val) [45][6]	accuracy_top-1: 83.5294, accuracy_top-5: 98.8235
2024-04-22 04:51:25,684 - mmcls - INFO - Epoch(val) [46][6]	accuracy_top-1: 85.2941, accuracy_top-5: 98.2353
2024-04-22 04:51:37,277 - mmcls - INFO - Epoch(val) [47][6]	accuracy_top-1: 86.4706, accuracy_top-5: 98.2353
2024-04-22 04:51:49,306 - mmcls - INFO - Epoch(val) [48][6]	accuracy_top-1: 85.8824, accuracy_top-5: 98.2353
2024-04-22 04:52:01,063 - mmcls - INFO - Epoch(val) [49][6]	accuracy_top-1: 85.2941, accuracy_top-5: 97.6471
2024-04-22 04:52:11,544 - mmcls - INFO - Saving checkpoint at 50 epochs
2024-04-22 04:52:13,619 - mmcls - INFO - Epoch(val) [50][6]	accuracy_top-1: 84.7059, accuracy_top-5: 98.2353
