2024-04-22 01:38:33,938 - mmcls - INFO - Environment info:
------------------------------------------------------------
sys.platform: linux
Python: 3.7.16 (default, Jan 17 2023, 22:20:44) [GCC 11.2.0]
CUDA available: True
GPU 0: NVIDIA GeForce RTX 2080 Ti
CUDA_HOME: /usr/local/cuda
NVCC: Cuda compilation tools, release 11.8, V11.8.89
GCC: gcc (Ubuntu 11.4.0-1ubuntu1~22.04) 11.4.0
PyTorch: 1.7.1
PyTorch compiling details: PyTorch built with:
  - GCC 7.3
  - C++ Version: 201402
  - Intel(R) oneAPI Math Kernel Library Version 2021.4-Product Build 20210904 for Intel(R) 64 architecture applications
  - Intel(R) MKL-DNN v1.6.0 (Git Hash 5ef631a030a6f73131c77892041042805a06064f)
  - OpenMP 201511 (a.k.a. OpenMP 4.5)
  - NNPACK is enabled
  - CPU capability usage: AVX2
  - CUDA Runtime 10.1
  - NVCC architecture flags: -gencode;arch=compute_37,code=sm_37;-gencode;arch=compute_50,code=sm_50;-gencode;arch=compute_60,code=sm_60;-gencode;arch=compute_61,code=sm_61;-gencode;arch=compute_70,code=sm_70;-gencode;arch=compute_75,code=sm_75;-gencode;arch=compute_37,code=compute_37
  - CuDNN 7.6.3
  - Magma 2.5.2
  - Build settings: BLAS=MKL, BUILD_TYPE=Release, CXX_FLAGS= -Wno-deprecated -fvisibility-inlines-hidden -DUSE_PTHREADPOOL -fopenmp -DNDEBUG -DUSE_FBGEMM -DUSE_QNNPACK -DUSE_PYTORCH_QNNPACK -DUSE_XNNPACK -DUSE_VULKAN_WRAPPER -O2 -fPIC -Wno-narrowing -Wall -Wextra -Werror=return-type -Wno-missing-field-initializers -Wno-type-limits -Wno-array-bounds -Wno-unknown-pragmas -Wno-sign-compare -Wno-unused-parameter -Wno-unused-variable -Wno-unused-function -Wno-unused-result -Wno-unused-local-typedefs -Wno-strict-overflow -Wno-strict-aliasing -Wno-error=deprecated-declarations -Wno-stringop-overflow -Wno-psabi -Wno-error=pedantic -Wno-error=redundant-decls -Wno-error=old-style-cast -fdiagnostics-color=always -faligned-new -Wno-unused-but-set-variable -Wno-maybe-uninitialized -fno-math-errno -fno-trapping-math -Werror=format -Wno-stringop-overflow, PERF_WITH_AVX=1, PERF_WITH_AVX2=1, PERF_WITH_AVX512=1, USE_CUDA=ON, USE_EXCEPTION_PTR=1, USE_GFLAGS=OFF, USE_GLOG=OFF, USE_MKL=ON, USE_MKLDNN=ON, USE_MPI=OFF, USE_NCCL=ON, USE_NNPACK=ON, USE_OPENMP=ON, 

TorchVision: 0.8.2
OpenCV: 4.9.0
MMCV: 1.5.0
MMCV Compiler: GCC 11.4
MMCV CUDA Compiler: 11.8
MMClassification: 0.15.0+321350b
------------------------------------------------------------

2024-04-22 01:38:33,938 - mmcls - INFO - Distributed training: False
2024-04-22 01:38:34,081 - mmcls - INFO - Config:
model = dict(
    type='ImageClassifier',
    backbone=dict(type='VGG', depth=13, num_classes=17),
    neck=None,
    head=dict(
        type='ClsHead',
        loss=dict(type='CrossEntropyLoss', loss_weight=1.0),
        topk=(1, 5)))
dataset_type = 'Flowers'
img_norm_cfg = dict(
    mean=[123.675, 116.28, 103.53], std=[58.395, 57.12, 57.375], to_rgb=True)
train_pipeline = [
    dict(type='LoadImageFromFile'),
    dict(type='RandomResizedCrop', size=224),
    dict(type='RandomFlip', flip_prob=0.5, direction='horizontal'),
    dict(
        type='Normalize',
        mean=[123.675, 116.28, 103.53],
        std=[58.395, 57.12, 57.375],
        to_rgb=True),
    dict(type='ImageToTensor', keys=['img']),
    dict(type='ToTensor', keys=['gt_label']),
    dict(type='Collect', keys=['img', 'gt_label'])
]
test_pipeline = [
    dict(type='LoadImageFromFile'),
    dict(type='Resize', size=(256, -1)),
    dict(type='CenterCrop', crop_size=224),
    dict(
        type='Normalize',
        mean=[123.675, 116.28, 103.53],
        std=[58.395, 57.12, 57.375],
        to_rgb=True),
    dict(type='ImageToTensor', keys=['img']),
    dict(type='Collect', keys=['img'])
]
data = dict(
    samples_per_gpu=32,
    workers_per_gpu=1,
    train=dict(
        type='Flowers',
        data_prefix='data/flowers/train',
        ann_file='data/flowers/meta/train.txt',
        pipeline=[
            dict(type='LoadImageFromFile'),
            dict(type='RandomResizedCrop', size=224),
            dict(type='RandomFlip', flip_prob=0.5, direction='horizontal'),
            dict(
                type='Normalize',
                mean=[123.675, 116.28, 103.53],
                std=[58.395, 57.12, 57.375],
                to_rgb=True),
            dict(type='ImageToTensor', keys=['img']),
            dict(type='ToTensor', keys=['gt_label']),
            dict(type='Collect', keys=['img', 'gt_label'])
        ]),
    val=dict(
        type='Flowers',
        data_prefix='data/flowers/val',
        ann_file='data/flowers/meta/val.txt',
        pipeline=[
            dict(type='LoadImageFromFile'),
            dict(type='Resize', size=(256, -1)),
            dict(type='CenterCrop', crop_size=224),
            dict(
                type='Normalize',
                mean=[123.675, 116.28, 103.53],
                std=[58.395, 57.12, 57.375],
                to_rgb=True),
            dict(type='ImageToTensor', keys=['img']),
            dict(type='Collect', keys=['img'])
        ]),
    test=dict(
        type='Flowers',
        data_prefix='data/flowers/val',
        ann_file='data/flowers/meta/val.txt',
        pipeline=[
            dict(type='LoadImageFromFile'),
            dict(type='Resize', size=(256, -1)),
            dict(type='CenterCrop', crop_size=224),
            dict(
                type='Normalize',
                mean=[123.675, 116.28, 103.53],
                std=[58.395, 57.12, 57.375],
                to_rgb=True),
            dict(type='ImageToTensor', keys=['img']),
            dict(type='Collect', keys=['img'])
        ]))
evaluation = dict(interval=1, metric='accuracy')
optimizer = dict(type='SGD', lr=0.01, momentum=0.7, weight_decay=0.0001)
optimizer_config = dict(grad_clip=None)
lr_config = dict(policy='step', step=[10, 25])
runner = dict(type='EpochBasedRunner', max_epochs=50)
checkpoint_config = dict(interval=50)
log_config = dict(interval=100, hooks=[dict(type='TextLoggerHook')])
dist_params = dict(backend='nccl')
log_level = 'INFO'
load_from = None
resume_from = None
workflow = [('train', 1)]
default_scope = 'mmpretrain'
work_dir = 'output/vgg13_7'
gpu_ids = range(0, 1)

2024-04-22 01:38:35,322 - mmcls - INFO - initialize VGG with init_cfg [{'type': 'Kaiming', 'layer': ['Conv2d']}, {'type': 'Constant', 'val': 1.0, 'layer': ['_BatchNorm']}, {'type': 'Normal', 'std': 0.01, 'layer': ['Linear']}]
Name of parameter - Initialization information

backbone.features.0.conv.weight - torch.Size([64, 3, 3, 3]): 
KaimingInit: a=0, mode=fan_out, nonlinearity=relu, distribution =normal, bias=0 

backbone.features.0.conv.bias - torch.Size([64]): 
The value is the same before and after calling `init_weights` of ImageClassifier  

backbone.features.1.conv.weight - torch.Size([64, 64, 3, 3]): 
KaimingInit: a=0, mode=fan_out, nonlinearity=relu, distribution =normal, bias=0 

backbone.features.1.conv.bias - torch.Size([64]): 
The value is the same before and after calling `init_weights` of ImageClassifier  

backbone.features.3.conv.weight - torch.Size([128, 64, 3, 3]): 
KaimingInit: a=0, mode=fan_out, nonlinearity=relu, distribution =normal, bias=0 

backbone.features.3.conv.bias - torch.Size([128]): 
The value is the same before and after calling `init_weights` of ImageClassifier  

backbone.features.4.conv.weight - torch.Size([128, 128, 3, 3]): 
KaimingInit: a=0, mode=fan_out, nonlinearity=relu, distribution =normal, bias=0 

backbone.features.4.conv.bias - torch.Size([128]): 
The value is the same before and after calling `init_weights` of ImageClassifier  

backbone.features.6.conv.weight - torch.Size([256, 128, 3, 3]): 
KaimingInit: a=0, mode=fan_out, nonlinearity=relu, distribution =normal, bias=0 

backbone.features.6.conv.bias - torch.Size([256]): 
The value is the same before and after calling `init_weights` of ImageClassifier  

backbone.features.7.conv.weight - torch.Size([256, 256, 3, 3]): 
KaimingInit: a=0, mode=fan_out, nonlinearity=relu, distribution =normal, bias=0 

backbone.features.7.conv.bias - torch.Size([256]): 
The value is the same before and after calling `init_weights` of ImageClassifier  

backbone.features.9.conv.weight - torch.Size([512, 256, 3, 3]): 
KaimingInit: a=0, mode=fan_out, nonlinearity=relu, distribution =normal, bias=0 

backbone.features.9.conv.bias - torch.Size([512]): 
The value is the same before and after calling `init_weights` of ImageClassifier  

backbone.features.10.conv.weight - torch.Size([512, 512, 3, 3]): 
KaimingInit: a=0, mode=fan_out, nonlinearity=relu, distribution =normal, bias=0 

backbone.features.10.conv.bias - torch.Size([512]): 
The value is the same before and after calling `init_weights` of ImageClassifier  

backbone.features.12.conv.weight - torch.Size([512, 512, 3, 3]): 
KaimingInit: a=0, mode=fan_out, nonlinearity=relu, distribution =normal, bias=0 

backbone.features.12.conv.bias - torch.Size([512]): 
The value is the same before and after calling `init_weights` of ImageClassifier  

backbone.features.13.conv.weight - torch.Size([512, 512, 3, 3]): 
KaimingInit: a=0, mode=fan_out, nonlinearity=relu, distribution =normal, bias=0 

backbone.features.13.conv.bias - torch.Size([512]): 
The value is the same before and after calling `init_weights` of ImageClassifier  

backbone.classifier.0.weight - torch.Size([4096, 25088]): 
NormalInit: mean=0, std=0.01, bias=0 

backbone.classifier.0.bias - torch.Size([4096]): 
NormalInit: mean=0, std=0.01, bias=0 

backbone.classifier.3.weight - torch.Size([4096, 4096]): 
NormalInit: mean=0, std=0.01, bias=0 

backbone.classifier.3.bias - torch.Size([4096]): 
NormalInit: mean=0, std=0.01, bias=0 

backbone.classifier.6.weight - torch.Size([17, 4096]): 
NormalInit: mean=0, std=0.01, bias=0 

backbone.classifier.6.bias - torch.Size([17]): 
NormalInit: mean=0, std=0.01, bias=0 
2024-04-22 01:38:40,410 - mmcls - INFO - Start running, host: u3583070@gpu2-comp-108, work_dir: /userhome/cs2/u3583070/CNN-Flower-Classification/output/vgg13_7
2024-04-22 01:38:40,410 - mmcls - INFO - Hooks will be executed in the following order:
before_run:
(VERY_HIGH   ) StepLrUpdaterHook                  
(NORMAL      ) CheckpointHook                     
(NORMAL      ) EvalHook                           
(VERY_LOW    ) TextLoggerHook                     
 -------------------- 
before_train_epoch:
(VERY_HIGH   ) StepLrUpdaterHook                  
(NORMAL      ) EvalHook                           
(LOW         ) IterTimerHook                      
(VERY_LOW    ) TextLoggerHook                     
 -------------------- 
before_train_iter:
(VERY_HIGH   ) StepLrUpdaterHook                  
(NORMAL      ) EvalHook                           
(LOW         ) IterTimerHook                      
 -------------------- 
after_train_iter:
(ABOVE_NORMAL) OptimizerHook                      
(NORMAL      ) CheckpointHook                     
(NORMAL      ) EvalHook                           
(LOW         ) IterTimerHook                      
(VERY_LOW    ) TextLoggerHook                     
 -------------------- 
after_train_epoch:
(NORMAL      ) CheckpointHook                     
(NORMAL      ) EvalHook                           
(VERY_LOW    ) TextLoggerHook                     
 -------------------- 
before_val_epoch:
(LOW         ) IterTimerHook                      
(VERY_LOW    ) TextLoggerHook                     
 -------------------- 
before_val_iter:
(LOW         ) IterTimerHook                      
 -------------------- 
after_val_iter:
(LOW         ) IterTimerHook                      
 -------------------- 
after_val_epoch:
(VERY_LOW    ) TextLoggerHook                     
 -------------------- 
after_run:
(VERY_LOW    ) TextLoggerHook                     
 -------------------- 
2024-04-22 01:38:40,411 - mmcls - INFO - workflow: [('train', 1)], max: 50 epochs
2024-04-22 01:38:40,411 - mmcls - INFO - Checkpoints will be saved to /userhome/cs2/u3583070/CNN-Flower-Classification/output/vgg13_7 by HardDiskBackend.
2024-04-22 01:38:52,808 - mmcls - INFO - Epoch(val) [1][6]	accuracy_top-1: 17.0588, accuracy_top-5: 56.4706
2024-04-22 01:39:05,370 - mmcls - INFO - Epoch(val) [2][6]	accuracy_top-1: 20.0000, accuracy_top-5: 68.2353
2024-04-22 01:39:17,922 - mmcls - INFO - Epoch(val) [3][6]	accuracy_top-1: 17.0588, accuracy_top-5: 77.6471
2024-04-22 01:39:30,078 - mmcls - INFO - Epoch(val) [4][6]	accuracy_top-1: 30.0000, accuracy_top-5: 77.6471
2024-04-22 01:39:41,978 - mmcls - INFO - Epoch(val) [5][6]	accuracy_top-1: 36.4706, accuracy_top-5: 88.2353
2024-04-22 01:39:54,090 - mmcls - INFO - Epoch(val) [6][6]	accuracy_top-1: 34.7059, accuracy_top-5: 91.7647
2024-04-22 01:40:05,883 - mmcls - INFO - Epoch(val) [7][6]	accuracy_top-1: 41.1765, accuracy_top-5: 94.1176
2024-04-22 01:40:18,028 - mmcls - INFO - Epoch(val) [8][6]	accuracy_top-1: 48.2353, accuracy_top-5: 92.9412
2024-04-22 01:40:30,115 - mmcls - INFO - Epoch(val) [9][6]	accuracy_top-1: 38.8235, accuracy_top-5: 92.9412
2024-04-22 01:40:42,174 - mmcls - INFO - Epoch(val) [10][6]	accuracy_top-1: 42.9412, accuracy_top-5: 88.8235
2024-04-22 01:40:54,469 - mmcls - INFO - Epoch(val) [11][6]	accuracy_top-1: 51.7647, accuracy_top-5: 95.2941
2024-04-22 01:41:06,524 - mmcls - INFO - Epoch(val) [12][6]	accuracy_top-1: 55.8824, accuracy_top-5: 94.7059
2024-04-22 01:41:18,483 - mmcls - INFO - Epoch(val) [13][6]	accuracy_top-1: 59.4118, accuracy_top-5: 95.2941
2024-04-22 01:41:30,360 - mmcls - INFO - Epoch(val) [14][6]	accuracy_top-1: 56.4706, accuracy_top-5: 94.1176
2024-04-22 01:41:42,271 - mmcls - INFO - Epoch(val) [15][6]	accuracy_top-1: 55.2941, accuracy_top-5: 94.1176
2024-04-22 01:41:54,255 - mmcls - INFO - Epoch(val) [16][6]	accuracy_top-1: 52.9412, accuracy_top-5: 93.5294
2024-04-22 01:42:06,405 - mmcls - INFO - Epoch(val) [17][6]	accuracy_top-1: 57.0588, accuracy_top-5: 94.1176
2024-04-22 01:42:18,524 - mmcls - INFO - Epoch(val) [18][6]	accuracy_top-1: 57.0588, accuracy_top-5: 95.2941
2024-04-22 01:42:30,539 - mmcls - INFO - Epoch(val) [19][6]	accuracy_top-1: 59.4118, accuracy_top-5: 94.7059
2024-04-22 01:42:42,897 - mmcls - INFO - Epoch(val) [20][6]	accuracy_top-1: 57.0588, accuracy_top-5: 94.7059
2024-04-22 01:42:55,456 - mmcls - INFO - Epoch(val) [21][6]	accuracy_top-1: 56.4706, accuracy_top-5: 95.2941
2024-04-22 01:43:07,982 - mmcls - INFO - Epoch(val) [22][6]	accuracy_top-1: 55.8824, accuracy_top-5: 94.7059
2024-04-22 01:43:20,339 - mmcls - INFO - Epoch(val) [23][6]	accuracy_top-1: 57.0588, accuracy_top-5: 95.8824
2024-04-22 01:43:33,309 - mmcls - INFO - Epoch(val) [24][6]	accuracy_top-1: 58.8235, accuracy_top-5: 96.4706
2024-04-22 01:43:45,577 - mmcls - INFO - Epoch(val) [25][6]	accuracy_top-1: 58.2353, accuracy_top-5: 95.8824
2024-04-22 01:43:57,418 - mmcls - INFO - Epoch(val) [26][6]	accuracy_top-1: 57.0588, accuracy_top-5: 94.1176
2024-04-22 01:44:09,466 - mmcls - INFO - Epoch(val) [27][6]	accuracy_top-1: 58.2353, accuracy_top-5: 94.7059
2024-04-22 01:44:21,490 - mmcls - INFO - Epoch(val) [28][6]	accuracy_top-1: 56.4706, accuracy_top-5: 93.5294
2024-04-22 01:44:34,125 - mmcls - INFO - Epoch(val) [29][6]	accuracy_top-1: 57.0588, accuracy_top-5: 95.2941
2024-04-22 01:44:46,036 - mmcls - INFO - Epoch(val) [30][6]	accuracy_top-1: 57.0588, accuracy_top-5: 95.8824
2024-04-22 01:44:58,230 - mmcls - INFO - Epoch(val) [31][6]	accuracy_top-1: 55.8824, accuracy_top-5: 95.2941
2024-04-22 01:45:10,361 - mmcls - INFO - Epoch(val) [32][6]	accuracy_top-1: 57.0588, accuracy_top-5: 95.2941
2024-04-22 01:45:22,545 - mmcls - INFO - Epoch(val) [33][6]	accuracy_top-1: 57.6471, accuracy_top-5: 95.2941
2024-04-22 01:45:34,663 - mmcls - INFO - Epoch(val) [34][6]	accuracy_top-1: 58.8235, accuracy_top-5: 95.2941
2024-04-22 01:45:46,515 - mmcls - INFO - Epoch(val) [35][6]	accuracy_top-1: 57.6471, accuracy_top-5: 94.7059
2024-04-22 01:45:58,508 - mmcls - INFO - Epoch(val) [36][6]	accuracy_top-1: 57.6471, accuracy_top-5: 95.8824
2024-04-22 01:46:10,762 - mmcls - INFO - Epoch(val) [37][6]	accuracy_top-1: 58.8235, accuracy_top-5: 95.2941
2024-04-22 01:46:23,390 - mmcls - INFO - Epoch(val) [38][6]	accuracy_top-1: 60.0000, accuracy_top-5: 94.7059
2024-04-22 01:46:35,494 - mmcls - INFO - Epoch(val) [39][6]	accuracy_top-1: 58.2353, accuracy_top-5: 95.2941
2024-04-22 01:46:46,904 - mmcls - INFO - Epoch(val) [40][6]	accuracy_top-1: 58.8235, accuracy_top-5: 95.2941
2024-04-22 01:46:58,917 - mmcls - INFO - Epoch(val) [41][6]	accuracy_top-1: 58.8235, accuracy_top-5: 95.2941
2024-04-22 01:47:11,002 - mmcls - INFO - Epoch(val) [42][6]	accuracy_top-1: 58.8235, accuracy_top-5: 95.2941
2024-04-22 01:47:23,046 - mmcls - INFO - Epoch(val) [43][6]	accuracy_top-1: 58.2353, accuracy_top-5: 95.2941
2024-04-22 01:47:34,752 - mmcls - INFO - Epoch(val) [44][6]	accuracy_top-1: 58.8235, accuracy_top-5: 95.2941
2024-04-22 01:47:46,542 - mmcls - INFO - Epoch(val) [45][6]	accuracy_top-1: 58.2353, accuracy_top-5: 95.2941
2024-04-22 01:47:58,574 - mmcls - INFO - Epoch(val) [46][6]	accuracy_top-1: 58.2353, accuracy_top-5: 95.2941
2024-04-22 01:48:10,657 - mmcls - INFO - Epoch(val) [47][6]	accuracy_top-1: 59.4118, accuracy_top-5: 95.2941
2024-04-22 01:48:22,541 - mmcls - INFO - Epoch(val) [48][6]	accuracy_top-1: 59.4118, accuracy_top-5: 95.2941
2024-04-22 01:48:34,667 - mmcls - INFO - Epoch(val) [49][6]	accuracy_top-1: 61.1765, accuracy_top-5: 95.2941
2024-04-22 01:48:45,295 - mmcls - INFO - Saving checkpoint at 50 epochs
2024-04-22 01:48:53,447 - mmcls - INFO - Epoch(val) [50][6]	accuracy_top-1: 57.6471, accuracy_top-5: 95.2941
